Base path: C:/Program Files/Unity5/Editor/Data
Pipe name: \\.\pipe\UnityShaderCompiler-64bit-4-10448
Cmd: getPlatforms
Cmd: compileSnippet
  api=8 type=0 insize=7025 outsize=5379 kw=DIRECTIONAL SHADOWS_SCREEN SHADOWS_NATIVE LIGHTMAP_OFF DIRLIGHTMAP_OFF DYNAMICLIGHTMAP_ON VERTEXLIGHT_ON ok=1
Cmd: compileSnippet
  api=8 type=1 insize=7025 outsize=4063 kw=DIRECTIONAL SHADOWS_SCREEN SHADOWS_NATIVE LIGHTMAP_OFF DIRLIGHTMAP_OFF DYNAMICLIGHTMAP_OFF ok=1
Cmd: compileSnippet
  api=8 type=0 insize=3820 outsize=3876 kw=POINT_COOKIE ok=1
Cmd: compileSnippet
  api=8 type=1 insize=3820 outsize=3193 kw=DIRECTIONAL ok=1
Cmd: compileSnippet
  api=8 type=1 insize=6064 outsize=2381 kw=LIGHTMAP_OFF DIRLIGHTMAP_OFF DYNAMICLIGHTMAP_OFF HDR_LIGHT_PREPASS_OFF ok=1
Cmd: compileSnippet
  api=8 type=0 insize=886 outsize=9693 kw=DIRECTIONAL SHADOWS_SCREEN SHADOWS_NATIVE LIGHTMAP_OFF DIRLIGHTMAP_OFF DYNAMICLIGHTMAP_OFF VERTEXLIGHT_ON ok=1
Cmd: compileSnippet
  api=8 type=0 insize=816 outsize=6070 kw=DIRECTIONAL SHADOWS_OFF ok=1
Cmd: compileSnippet
  api=8 type=0 insize=816 outsize=7451 kw=POINT SHADOWS_CUBE ok=1
Cmd: compileSnippet
  api=8 type=0 insize=816 outsize=7272 kw=SPOT SHADOWS_OFF _ALPHAPREMULTIPLY_ON ok=1
Cmd: compileSnippet
  api=8 type=0 insize=816 outsize=7126 kw=DIRECTIONAL SHADOWS_SCREEN SHADOWS_NATIVE _ALPHAPREMULTIPLY_ON ok=1
Cmd: compileSnippet
  api=8 type=1 insize=816 outsize=4258 kw=DIRECTIONAL_COOKIE SHADOWS_OFF ok=1
Cmd: compileSnippet
  api=8 type=1 insize=816 outsize=5444 kw=POINT SHADOWS_CUBE ok=1
Cmd: compileSnippet
  api=8 type=1 insize=816 outsize=5777 kw=POINT_COOKIE SHADOWS_CUBE _ALPHAPREMULTIPLY_ON ok=1
Cmd: compileSnippet
  api=8 type=0 insize=600 outsize=2040 kw=SHADOWS_CUBE ok=1
Cmd: compileSnippet
  api=8 type=1 insize=600 outsize=918 kw=SHADOWS_CUBE ok=1
Cmd: compileSnippet
  api=8 type=1 insize=530 outsize=3080 kw= ok=1
Cmd: compileSnippet
  api=8 type=0 insize=9591 outsize=16267 kw=UNITY_COLORSPACE_GAMMA ok=1
Cmd: compileSnippet
  api=8 type=0 insize=6920 outsize=8840 kw=DIRECTIONAL SHADOWS_SCREEN SHADOWS_NATIVE LIGHTMAP_OFF DIRLIGHTMAP_OFF DYNAMICLIGHTMAP_OFF VERTEXLIGHT_ON ok=1
Cmd: compileSnippet
  api=8 type=1 insize=6920 outsize=2007 kw=DIRECTIONAL SHADOWS_OFF LIGHTMAP_OFF DIRLIGHTMAP_OFF DYNAMICLIGHTMAP_OFF ok=1
Cmd: compileSnippet
  api=8 type=0 insize=3732 outsize=4071 kw=DIRECTIONAL_COOKIE ok=1
Cmd: compileSnippet
  api=8 type=1 insize=3732 outsize=1796 kw=DIRECTIONAL ok=1
Cmd: compileSnippet
  api=8 type=1 insize=2816 outsize=967 kw= ok=1
Cmd: compileSnippet
  api=8 type=0 insize=6059 outsize=6005 kw=LIGHTMAP_OFF DIRLIGHTMAP_OFF DYNAMICLIGHTMAP_OFF UNITY_HDR_ON ok=1
Cmd: compileSnippet
  api=8 type=0 insize=6013 outsize=5574 kw=LIGHTMAP_OFF DIRLIGHTMAP_OFF DYNAMICLIGHTMAP_OFF HDR_LIGHT_PREPASS_OFF ok=1
Cmd: compileSnippet
  api=8 type=0 insize=7111 outsize=10303 kw=DIRECTIONAL SHADOWS_SCREEN SHADOWS_NATIVE LIGHTMAP_OFF DIRLIGHTMAP_OFF DYNAMICLIGHTMAP_OFF ok=1
Cmd: compileSnippet
  api=8 type=0 insize=3923 outsize=7979 kw=POINT_COOKIE ok=1
Cmd: compileSnippet
  api=8 type=1 insize=3923 outsize=3210 kw=POINT ok=1
Cmd: compileSnippet
  api=8 type=1 insize=6251 outsize=2348 kw=LIGHTMAP_OFF DIRLIGHTMAP_OFF DYNAMICLIGHTMAP_OFF HDR_LIGHT_PREPASS_OFF ok=1
Cmd: compileSnippet
  api=8 type=0 insize=7502 outsize=9807 kw=DIRECTIONAL SHADOWS_OFF LIGHTMAP_OFF DIRLIGHTMAP_OFF DYNAMICLIGHTMAP_OFF ok=1
Cmd: compileSnippet
  api=8 type=0 insize=4314 outsize=8540 kw=SPOT ok=1
Cmd: compileSnippet
  api=8 type=1 insize=4314 outsize=2048 kw=DIRECTIONAL ok=1
Cmd: compileSnippet
  api=8 type=1 insize=3640 outsize=1666 kw= ok=1
Cmd: compileSnippet
  api=8 type=1 insize=6595 outsize=2665 kw=LIGHTMAP_OFF DIRLIGHTMAP_OFF DYNAMICLIGHTMAP_OFF HDR_LIGHT_PREPASS_OFF ok=1
Cmd: compileSnippet
  api=8 type=0 insize=3445 outsize=10790 kw=SHADOWS_DEPTH ok=1
Cmd: compileSnippet
  api=8 type=0 insize=18179 outsize=4542 kw=DIRECTIONAL_COOKIE ok=1
Cmd: compileSnippet
  api=8 type=1 insize=18179 outsize=4461 kw=DIRECTIONAL_COOKIE ok=1
Cmd: compileSnippet
  api=8 type=0 insize=31010 outsize=6939 kw=DIRECTIONAL SHADOWS_SCREEN SHADOWS_NATIVE LIGHTMAP_OFF DIRLIGHTMAP_OFF DYNAMICLIGHTMAP_OFF ok=1
Cmd: compileSnippet
  api=8 type=0 insize=18011 outsize=4542 kw=SPOT ok=1
Cmd: compileSnippet
  api=8 type=1 insize=18011 outsize=3510 kw=DIRECTIONAL ok=1
Cmd: compileSnippet
  api=8 type=0 insize=16055 outsize=4266 kw= ok=1
Cmd: compileSnippet
  api=8 type=1 insize=1041 outsize=1211 kw= ok=1
Cmd: compileSnippet
  api=8 type=1 insize=613 outsize=1414 kw= ok=1
Cmd: compileSnippet
  api=8 type=0 insize=7037 outsize=5217 kw=DIRECTIONAL SHADOWS_OFF LIGHTMAP_OFF DIRLIGHTMAP_OFF DYNAMICLIGHTMAP_OFF ok=1
Cmd: compileSnippet
  api=8 type=1 insize=7037 outsize=3965 kw=DIRECTIONAL SHADOWS_SCREEN SHADOWS_NATIVE LIGHTMAP_OFF DIRLIGHTMAP_OFF DYNAMICLIGHTMAP_OFF ok=1
Cmd: compileSnippet
  api=8 type=1 insize=3832 outsize=3787 kw=DIRECTIONAL_COOKIE ok=1
Cmd: compileSnippet
  api=8 type=1 insize=2904 outsize=1032 kw= ok=1
Cmd: compileSnippet
  api=8 type=0 insize=6076 outsize=5810 kw=LIGHTMAP_OFF DIRLIGHTMAP_OFF DYNAMICLIGHTMAP_OFF UNITY_HDR_ON ok=1
Cmd: compileSnippet
  api=8 type=0 insize=3095 outsize=3575 kw= ok=1
Cmd: compileSnippet
  api=0 type=0 insize=552173 outsize=17717 kw=LIGHTMAP_OFF DIRLIGHTMAP_OFF DYNAMICLIGHTMAP_OFF UNITY_HDR_ON EFFECT_HUE_VARIATION GEOM_TYPE_LEAF ok=1
Cmd: compileSnippet
  api=0 type=0 insize=552173 outsize=9700 kw=LIGHTMAP_OFF DIRLIGHTMAP_OFF DYNAMICLIGHTMAP_OFF UNITY_HDR_ON LOD_FADE_PERCENTAGE GEOM_TYPE_BRANCH ok=1
Cmd: compileSnippet
  api=0 type=0 insize=552173 outsize=10235 kw=LIGHTMAP_OFF DIRLIGHTMAP_OFF DYNAMICLIGHTMAP_OFF LOD_FADE_PERCENTAGE EFFECT_BUMP EFFECT_HUE_VARIATION GEOM_TYPE_BRANCH HDR_LIGHT_PREPASS_OFF ok=1
Cmd: compileSnippet
  api=0 type=0 insize=552173 outsize=10071 kw=LIGHTMAP_OFF DIRLIGHTMAP_OFF DYNAMICLIGHTMAP_OFF UNITY_HDR_ON LOD_FADE_PERCENTAGE GEOM_TYPE_BRANCH_BLEND ok=1
Cmd: compileSnippet
  api=4 type=0 insize=552173 outsize=14648 kw=LIGHTMAP_OFF DIRLIGHTMAP_OFF DYNAMICLIGHTMAP_OFF UNITY_HDR_ON LOD_FADE_PERCENTAGE EFFECT_HUE_VARIATION GEOM_TYPE_BRANCH_BLEND ok=1
Cmd: compileSnippet
  api=1 type=0 insize=552173 outsize=4603 kw=LIGHTMAP_OFF DIRLIGHTMAP_OFF DYNAMICLIGHTMAP_OFF UNITY_HDR_ON LOD_FADE_PERCENTAGE EFFECT_BUMP EFFECT_HUE_VARIATION GEOM_TYPE_BRANCH_BLEND ok=1
Cmd: compileSnippet
  api=1 type=0 insize=552173 outsize=4847 kw=LIGHTMAP_OFF DIRLIGHTMAP_OFF DYNAMICLIGHTMAP_OFF LOD_FADE_PERCENTAGE GEOM_TYPE_FROND HDR_LIGHT_PREPASS_OFF ok=1
Cmd: compileSnippet
  api=0 type=0 insize=552173 outsize=11205 kw=LIGHTMAP_OFF DIRLIGHTMAP_OFF DYNAMICLIGHTMAP_OFF LOD_FADE_PERCENTAGE EFFECT_HUE_VARIATION GEOM_TYPE_FROND HDR_LIGHT_PREPASS_OFF ok=1
Cmd: compileSnippet
  api=0 type=0 insize=552173 outsize=11205 kw=LIGHTMAP_OFF DIRLIGHTMAP_OFF DYNAMICLIGHTMAP_OFF LOD_FADE_PERCENTAGE EFFECT_BUMP EFFECT_HUE_VARIATION GEOM_TYPE_FROND HDR_LIGHT_PREPASS_OFF ok=1
Cmd: compileSnippet
  api=1 type=0 insize=552173 outsize=8028 kw=LIGHTMAP_OFF DIRLIGHTMAP_OFF DYNAMICLIGHTMAP_OFF UNITY_HDR_ON LOD_FADE_PERCENTAGE GEOM_TYPE_LEAF ok=1
Cmd: compileSnippet
  api=4 type=0 insize=552173 outsize=23163 kw=LIGHTMAP_OFF DIRLIGHTMAP_OFF DYNAMICLIGHTMAP_OFF LOD_FADE_PERCENTAGE EFFECT_HUE_VARIATION GEOM_TYPE_LEAF HDR_LIGHT_PREPASS_OFF ok=1
Cmd: compileSnippet
  api=0 type=0 insize=552173 outsize=17962 kw=LIGHTMAP_OFF DIRLIGHTMAP_OFF DYNAMICLIGHTMAP_OFF UNITY_HDR_ON LOD_FADE_PERCENTAGE EFFECT_BUMP EFFECT_HUE_VARIATION GEOM_TYPE_LEAF ok=1
Cmd: compileSnippet
  api=4 type=0 insize=552173 outsize=14810 kw=LIGHTMAP_OFF DIRLIGHTMAP_OFF DYNAMICLIGHTMAP_OFF UNITY_HDR_ON LOD_FADE_CROSSFADE GEOM_TYPE_BRANCH ok=1
Cmd: compileSnippet
  api=1 type=0 insize=552173 outsize=4563 kw=LIGHTMAP_OFF DIRLIGHTMAP_OFF DYNAMICLIGHTMAP_OFF UNITY_HDR_ON LOD_FADE_CROSSFADE EFFECT_HUE_VARIATION GEOM_TYPE_BRANCH ok=1
Cmd: compileSnippet
  api=0 type=0 insize=552173 outsize=10995 kw=LIGHTMAP_OFF DIRLIGHTMAP_OFF DYNAMICLIGHTMAP_OFF UNITY_HDR_ON LOD_FADE_CROSSFADE EFFECT_BUMP EFFECT_HUE_VARIATION GEOM_TYPE_BRANCH ok=1
Cmd: compileSnippet
  api=0 type=0 insize=552173 outsize=11335 kw=LIGHTMAP_OFF DIRLIGHTMAP_OFF DYNAMICLIGHTMAP_OFF LOD_FADE_CROSSFADE EFFECT_HUE_VARIATION GEOM_TYPE_BRANCH_BLEND HDR_LIGHT_PREPASS_OFF ok=1
Cmd: compileSnippet
  api=4 type=0 insize=552173 outsize=15314 kw=LIGHTMAP_OFF DIRLIGHTMAP_OFF DYNAMICLIGHTMAP_OFF LOD_FADE_CROSSFADE EFFECT_BUMP EFFECT_HUE_VARIATION GEOM_TYPE_BRANCH_BLEND HDR_LIGHT_PREPASS_OFF ok=1
Cmd: compileSnippet
  api=1 type=0 insize=552173 outsize=4862 kw=LIGHTMAP_OFF DIRLIGHTMAP_OFF DYNAMICLIGHTMAP_OFF LOD_FADE_CROSSFADE GEOM_TYPE_FROND HDR_LIGHT_PREPASS_OFF ok=1
Cmd: compileSnippet
  api=0 type=0 insize=552173 outsize=11977 kw=LIGHTMAP_OFF DIRLIGHTMAP_OFF DYNAMICLIGHTMAP_OFF LOD_FADE_CROSSFADE EFFECT_HUE_VARIATION GEOM_TYPE_FROND HDR_LIGHT_PREPASS_OFF ok=1
Cmd: compileSnippet
  api=4 type=0 insize=552173 outsize=16013 kw=LIGHTMAP_OFF DIRLIGHTMAP_OFF DYNAMICLIGHTMAP_OFF LOD_FADE_CROSSFADE EFFECT_BUMP EFFECT_HUE_VARIATION GEOM_TYPE_FROND HDR_LIGHT_PREPASS_OFF ok=1
Cmd: compileSnippet
  api=1 type=0 insize=552173 outsize=8076 kw=LIGHTMAP_OFF DIRLIGHTMAP_OFF DYNAMICLIGHTMAP_OFF LOD_FADE_CROSSFADE GEOM_TYPE_LEAF HDR_LIGHT_PREPASS_OFF ok=1
Cmd: compileSnippet
  api=4 type=0 insize=552173 outsize=23374 kw=LIGHTMAP_OFF DIRLIGHTMAP_OFF DYNAMICLIGHTMAP_OFF UNITY_HDR_ON LOD_FADE_CROSSFADE GEOM_TYPE_LEAF ok=1
Cmd: compileSnippet
  api=4 type=0 insize=552173 outsize=23675 kw=LIGHTMAP_OFF DIRLIGHTMAP_OFF DYNAMICLIGHTMAP_OFF UNITY_HDR_ON LOD_FADE_CROSSFADE EFFECT_HUE_VARIATION GEOM_TYPE_LEAF ok=1
Cmd: compileSnippet
  api=4 type=0 insize=552173 outsize=23675 kw=LIGHTMAP_OFF DIRLIGHTMAP_OFF DYNAMICLIGHTMAP_OFF UNITY_HDR_ON LOD_FADE_CROSSFADE EFFECT_BUMP EFFECT_HUE_VARIATION GEOM_TYPE_LEAF ok=1
Cmd: compileSnippet
  api=1 type=1 insize=552173 outsize=259 kw=LIGHTMAP_OFF DIRLIGHTMAP_OFF DYNAMICLIGHTMAP_OFF UNITY_HDR_ON GEOM_TYPE_BRANCH ok=1
Cmd: compileSnippet
  api=4 type=1 insize=552173 outsize=1973 kw=LIGHTMAP_OFF DIRLIGHTMAP_OFF DYNAMICLIGHTMAP_OFF EFFECT_HUE_VARIATION GEOM_TYPE_BRANCH HDR_LIGHT_PREPASS_OFF ok=1
Cmd: compileSnippet
  api=1 type=1 insize=552173 outsize=483 kw=LIGHTMAP_OFF DIRLIGHTMAP_OFF DYNAMICLIGHTMAP_OFF UNITY_HDR_ON EFFECT_BUMP EFFECT_HUE_VARIATION GEOM_TYPE_BRANCH ok=1
Cmd: compileSnippet
  api=4 type=1 insize=552173 outsize=1656 kw=LIGHTMAP_OFF DIRLIGHTMAP_OFF DYNAMICLIGHTMAP_OFF UNITY_HDR_ON GEOM_TYPE_BRANCH_BLEND ok=1
Cmd: compileSnippet
  api=1 type=1 insize=552173 outsize=632 kw=LIGHTMAP_OFF DIRLIGHTMAP_OFF DYNAMICLIGHTMAP_OFF EFFECT_BUMP EFFECT_HUE_VARIATION GEOM_TYPE_BRANCH_BLEND HDR_LIGHT_PREPASS_OFF ok=1
Cmd: compileSnippet
  api=0 type=1 insize=552173 outsize=6 kw=LIGHTMAP_OFF DIRLIGHTMAP_OFF DYNAMICLIGHTMAP_OFF UNITY_HDR_ON GEOM_TYPE_FROND ok=1
Cmd: compileSnippet
  api=1 type=1 insize=552173 outsize=593 kw=LIGHTMAP_OFF DIRLIGHTMAP_OFF DYNAMICLIGHTMAP_OFF EFFECT_HUE_VARIATION GEOM_TYPE_FROND HDR_LIGHT_PREPASS_OFF ok=1
Cmd: compileSnippet
  api=0 type=1 insize=552173 outsize=6 kw=LIGHTMAP_OFF DIRLIGHTMAP_OFF DYNAMICLIGHTMAP_OFF UNITY_HDR_ON EFFECT_BUMP EFFECT_HUE_VARIATION GEOM_TYPE_FROND ok=1
Cmd: compileSnippet
  api=1 type=1 insize=552173 outsize=369 kw=LIGHTMAP_OFF DIRLIGHTMAP_OFF DYNAMICLIGHTMAP_OFF GEOM_TYPE_LEAF HDR_LIGHT_PREPASS_OFF ok=1
Cmd: compileSnippet
  api=4 type=1 insize=552173 outsize=2152 kw=LIGHTMAP_OFF DIRLIGHTMAP_OFF DYNAMICLIGHTMAP_OFF EFFECT_HUE_VARIATION GEOM_TYPE_LEAF HDR_LIGHT_PREPASS_OFF ok=1
Cmd: compileSnippet
  api=0 type=1 insize=552173 outsize=6 kw=LIGHTMAP_OFF DIRLIGHTMAP_OFF DYNAMICLIGHTMAP_OFF UNITY_HDR_ON EFFECT_BUMP EFFECT_HUE_VARIATION GEOM_TYPE_LEAF ok=1
Cmd: compileSnippet
  api=1 type=1 insize=552173 outsize=314 kw=LIGHTMAP_OFF DIRLIGHTMAP_OFF DYNAMICLIGHTMAP_OFF LOD_FADE_PERCENTAGE GEOM_TYPE_BRANCH HDR_LIGHT_PREPASS_OFF ok=1
Cmd: compileSnippet
  api=4 type=1 insize=552173 outsize=1973 kw=LIGHTMAP_OFF DIRLIGHTMAP_OFF DYNAMICLIGHTMAP_OFF LOD_FADE_PERCENTAGE EFFECT_HUE_VARIATION GEOM_TYPE_BRANCH HDR_LIGHT_PREPASS_OFF ok=1
Cmd: compileSnippet
  api=4 type=1 insize=552173 outsize=1973 kw=LIGHTMAP_OFF DIRLIGHTMAP_OFF DYNAMICLIGHTMAP_OFF LOD_FADE_PERCENTAGE EFFECT_BUMP EFFECT_HUE_VARIATION GEOM_TYPE_BRANCH HDR_LIGHT_PREPASS_OFF ok=1
Cmd: compileSnippet
  api=1 type=1 insize=552173 outsize=353 kw=LIGHTMAP_OFF DIRLIGHTMAP_OFF DYNAMICLIGHTMAP_OFF UNITY_HDR_ON LOD_FADE_PERCENTAGE GEOM_TYPE_BRANCH_BLEND ok=1
Cmd: compileSnippet
  api=1 type=1 insize=552173 outsize=577 kw=LIGHTMAP_OFF DIRLIGHTMAP_OFF DYNAMICLIGHTMAP_OFF UNITY_HDR_ON LOD_FADE_PERCENTAGE EFFECT_HUE_VARIATION GEOM_TYPE_BRANCH_BLEND ok=1
Cmd: compileSnippet
  api=0 type=1 insize=552173 outsize=6 kw=LIGHTMAP_OFF DIRLIGHTMAP_OFF DYNAMICLIGHTMAP_OFF LOD_FADE_PERCENTAGE GEOM_TYPE_FROND HDR_LIGHT_PREPASS_OFF ok=1
Cmd: compileSnippet
  api=1 type=1 insize=552173 outsize=314 kw=LIGHTMAP_OFF DIRLIGHTMAP_OFF DYNAMICLIGHTMAP_OFF UNITY_HDR_ON LOD_FADE_PERCENTAGE GEOM_TYPE_FROND ok=1
Cmd: compileSnippet
  api=1 type=1 insize=552173 outsize=538 kw=LIGHTMAP_OFF DIRLIGHTMAP_OFF DYNAMICLIGHTMAP_OFF UNITY_HDR_ON LOD_FADE_PERCENTAGE EFFECT_HUE_VARIATION GEOM_TYPE_FROND ok=1
Cmd: compileSnippet
  api=4 type=1 insize=552173 outsize=2103 kw=LIGHTMAP_OFF DIRLIGHTMAP_OFF DYNAMICLIGHTMAP_OFF UNITY_HDR_ON LOD_FADE_PERCENTAGE EFFECT_BUMP EFFECT_HUE_VARIATION GEOM_TYPE_FROND ok=1
Cmd: compileSnippet
  api=0 type=1 insize=552173 outsize=6 kw=LIGHTMAP_OFF DIRLIGHTMAP_OFF DYNAMICLIGHTMAP_OFF LOD_FADE_PERCENTAGE EFFECT_HUE_VARIATION GEOM_TYPE_LEAF HDR_LIGHT_PREPASS_OFF ok=1
Cmd: compileSnippet
  api=4 type=1 insize=552173 outsize=2103 kw=LIGHTMAP_OFF DIRLIGHTMAP_OFF DYNAMICLIGHTMAP_OFF UNITY_HDR_ON LOD_FADE_PERCENTAGE EFFECT_HUE_VARIATION GEOM_TYPE_LEAF ok=1
Cmd: compileSnippet
  api=0 type=1 insize=552173 outsize=6 kw=LIGHTMAP_OFF DIRLIGHTMAP_OFF DYNAMICLIGHTMAP_OFF LOD_FADE_CROSSFADE GEOM_TYPE_BRANCH HDR_LIGHT_PREPASS_OFF ok=1
Cmd: compileSnippet
  api=1 type=1 insize=552173 outsize=454 kw=LIGHTMAP_OFF DIRLIGHTMAP_OFF DYNAMICLIGHTMAP_OFF UNITY_HDR_ON LOD_FADE_CROSSFADE GEOM_TYPE_BRANCH ok=1
Cmd: compileSnippet
  api=4 type=1 insize=552173 outsize=2477 kw=LIGHTMAP_OFF DIRLIGHTMAP_OFF DYNAMICLIGHTMAP_OFF UNITY_HDR_ON LOD_FADE_CROSSFADE EFFECT_HUE_VARIATION GEOM_TYPE_BRANCH ok=1
Cmd: compileSnippet
  api=0 type=1 insize=552173 outsize=6 kw=LIGHTMAP_OFF DIRLIGHTMAP_OFF DYNAMICLIGHTMAP_OFF LOD_FADE_CROSSFADE GEOM_TYPE_BRANCH_BLEND HDR_LIGHT_PREPASS_OFF ok=1
Cmd: compileSnippet
  api=4 type=1 insize=552173 outsize=2208 kw=LIGHTMAP_OFF DIRLIGHTMAP_OFF DYNAMICLIGHTMAP_OFF UNITY_HDR_ON LOD_FADE_CROSSFADE GEOM_TYPE_BRANCH_BLEND ok=1
Cmd: compileSnippet
  api=0 type=1 insize=552173 outsize=6 kw=LIGHTMAP_OFF DIRLIGHTMAP_OFF DYNAMICLIGHTMAP_OFF LOD_FADE_CROSSFADE EFFECT_BUMP EFFECT_HUE_VARIATION GEOM_TYPE_BRANCH_BLEND HDR_LIGHT_PREPASS_OFF ok=1
Cmd: compileSnippet
  api=1 type=1 insize=552173 outsize=772 kw=LIGHTMAP_OFF DIRLIGHTMAP_OFF DYNAMICLIGHTMAP_OFF UNITY_HDR_ON LOD_FADE_CROSSFADE EFFECT_BUMP EFFECT_HUE_VARIATION GEOM_TYPE_BRANCH_BLEND ok=1
Cmd: compileSnippet
  api=4 type=1 insize=552173 outsize=2095 kw=LIGHTMAP_OFF DIRLIGHTMAP_OFF DYNAMICLIGHTMAP_OFF UNITY_HDR_ON LOD_FADE_CROSSFADE GEOM_TYPE_FROND ok=1
Cmd: compileSnippet
  api=1 type=1 insize=552173 outsize=788 kw=LIGHTMAP_OFF DIRLIGHTMAP_OFF DYNAMICLIGHTMAP_OFF LOD_FADE_CROSSFADE EFFECT_BUMP EFFECT_HUE_VARIATION GEOM_TYPE_FROND HDR_LIGHT_PREPASS_OFF ok=1
Cmd: compileSnippet
  api=4 type=1 insize=552173 outsize=2143 kw=LIGHTMAP_OFF DIRLIGHTMAP_OFF DYNAMICLIGHTMAP_OFF LOD_FADE_CROSSFADE GEOM_TYPE_LEAF HDR_LIGHT_PREPASS_OFF ok=1
Cmd: compileSnippet
  api=0 type=1 insize=552173 outsize=6 kw=LIGHTMAP_OFF DIRLIGHTMAP_OFF DYNAMICLIGHTMAP_OFF UNITY_HDR_ON LOD_FADE_CROSSFADE EFFECT_HUE_VARIATION GEOM_TYPE_LEAF ok=1
Cmd: compileSnippet
  api=0 type=1 insize=552173 outsize=6 kw=LIGHTMAP_OFF DIRLIGHTMAP_OFF DYNAMICLIGHTMAP_OFF LOD_FADE_CROSSFADE EFFECT_BUMP EFFECT_HUE_VARIATION GEOM_TYPE_LEAF HDR_LIGHT_PREPASS_OFF ok=1
Cmd: compileSnippet
  api=1 type=1 insize=552173 outsize=733 kw=LIGHTMAP_OFF DIRLIGHTMAP_OFF DYNAMICLIGHTMAP_OFF UNITY_HDR_ON LOD_FADE_CROSSFADE EFFECT_BUMP EFFECT_HUE_VARIATION GEOM_TYPE_LEAF ok=1
Cmd: compileSnippet
  api=0 type=0 insize=594257 outsize=9422 kw=LIGHTMAP_OFF DIRLIGHTMAP_OFF DYNAMICLIGHTMAP_OFF UNITY_HDR_ON GEOM_TYPE_BRANCH ok=1
Cmd: compileSnippet
  api=4 type=0 insize=594257 outsize=13722 kw=LIGHTMAP_OFF DIRLIGHTMAP_OFF DYNAMICLIGHTMAP_OFF UNITY_HDR_ON EFFECT_HUE_VARIATION GEOM_TYPE_BRANCH ok=1
Cmd: compileSnippet
  api=0 type=0 insize=594257 outsize=11265 kw=LIGHTMAP_OFF DIRLIGHTMAP_OFF DYNAMICLIGHTMAP_OFF UNITY_HDR_ON EFFECT_BUMP EFFECT_HUE_VARIATION GEOM_TYPE_BRANCH ok=1
Cmd: compileSnippet
  api=1 type=0 insize=594257 outsize=4337 kw=LIGHTMAP_OFF DIRLIGHTMAP_OFF DYNAMICLIGHTMAP_OFF EFFECT_HUE_VARIATION GEOM_TYPE_BRANCH_BLEND HDR_LIGHT_PREPASS_OFF ok=1
Cmd: compileSnippet
  api=4 type=0 insize=594257 outsize=13925 kw=LIGHTMAP_OFF DIRLIGHTMAP_OFF DYNAMICLIGHTMAP_OFF UNITY_HDR_ON EFFECT_HUE_VARIATION GEOM_TYPE_BRANCH_BLEND ok=1
Cmd: compileSnippet
  api=4 type=0 insize=594257 outsize=15046 kw=LIGHTMAP_OFF DIRLIGHTMAP_OFF DYNAMICLIGHTMAP_OFF UNITY_HDR_ON EFFECT_BUMP EFFECT_HUE_VARIATION GEOM_TYPE_BRANCH_BLEND ok=1
Cmd: compileSnippet
  api=0 type=0 insize=594257 outsize=10423 kw=LIGHTMAP_OFF DIRLIGHTMAP_OFF DYNAMICLIGHTMAP_OFF UNITY_HDR_ON GEOM_TYPE_FROND ok=1
Cmd: compileSnippet
  api=4 type=0 insize=594257 outsize=14623 kw=LIGHTMAP_OFF DIRLIGHTMAP_OFF DYNAMICLIGHTMAP_OFF UNITY_HDR_ON EFFECT_HUE_VARIATION GEOM_TYPE_FROND ok=1
Cmd: compileSnippet
  api=0 type=0 insize=594257 outsize=12234 kw=LIGHTMAP_OFF DIRLIGHTMAP_OFF DYNAMICLIGHTMAP_OFF UNITY_HDR_ON EFFECT_BUMP EFFECT_HUE_VARIATION GEOM_TYPE_FROND ok=1
Cmd: compileSnippet
  api=0 type=0 insize=594257 outsize=17689 kw=LIGHTMAP_OFF DIRLIGHTMAP_OFF DYNAMICLIGHTMAP_OFF EFFECT_HUE_VARIATION GEOM_TYPE_LEAF HDR_LIGHT_PREPASS_OFF ok=1
Cmd: compileSnippet
  api=4 type=0 insize=594257 outsize=23407 kw=LIGHTMAP_OFF DIRLIGHTMAP_OFF DYNAMICLIGHTMAP_OFF EFFECT_BUMP EFFECT_HUE_VARIATION GEOM_TYPE_LEAF HDR_LIGHT_PREPASS_OFF ok=1
Cmd: compileSnippet
  api=1 type=0 insize=594257 outsize=4269 kw=LIGHTMAP_OFF DIRLIGHTMAP_OFF DYNAMICLIGHTMAP_OFF LOD_FADE_PERCENTAGE GEOM_TYPE_BRANCH HDR_LIGHT_PREPASS_OFF ok=1
Cmd: compileSnippet
  api=4 type=0 insize=594257 outsize=13543 kw=LIGHTMAP_OFF DIRLIGHTMAP_OFF DYNAMICLIGHTMAP_OFF UNITY_HDR_ON LOD_FADE_PERCENTAGE GEOM_TYPE_BRANCH ok=1
Cmd: compileSnippet
  api=1 type=0 insize=594257 outsize=4331 kw=LIGHTMAP_OFF DIRLIGHTMAP_OFF DYNAMICLIGHTMAP_OFF UNITY_HDR_ON LOD_FADE_PERCENTAGE EFFECT_HUE_VARIATION GEOM_TYPE_BRANCH ok=1
Cmd: compileSnippet
  api=4 type=0 insize=594257 outsize=14965 kw=LIGHTMAP_OFF DIRLIGHTMAP_OFF DYNAMICLIGHTMAP_OFF LOD_FADE_PERCENTAGE EFFECT_BUMP EFFECT_HUE_VARIATION GEOM_TYPE_BRANCH HDR_LIGHT_PREPASS_OFF ok=1
Cmd: compileSnippet
  api=1 type=0 insize=594257 outsize=4341 kw=LIGHTMAP_OFF DIRLIGHTMAP_OFF DYNAMICLIGHTMAP_OFF LOD_FADE_PERCENTAGE GEOM_TYPE_BRANCH_BLEND HDR_LIGHT_PREPASS_OFF ok=1
Cmd: compileSnippet
  api=4 type=0 insize=594257 outsize=13722 kw=LIGHTMAP_OFF DIRLIGHTMAP_OFF DYNAMICLIGHTMAP_OFF UNITY_HDR_ON LOD_FADE_PERCENTAGE GEOM_TYPE_BRANCH_BLEND ok=1
Cmd: compileSnippet
  api=1 type=0 insize=594257 outsize=4403 kw=LIGHTMAP_OFF DIRLIGHTMAP_OFF DYNAMICLIGHTMAP_OFF UNITY_HDR_ON LOD_FADE_PERCENTAGE EFFECT_HUE_VARIATION GEOM_TYPE_BRANCH_BLEND ok=1
Cmd: compileSnippet
  api=4 type=0 insize=594257 outsize=15143 kw=LIGHTMAP_OFF DIRLIGHTMAP_OFF DYNAMICLIGHTMAP_OFF LOD_FADE_PERCENTAGE EFFECT_BUMP EFFECT_HUE_VARIATION GEOM_TYPE_BRANCH_BLEND HDR_LIGHT_PREPASS_OFF ok=1
Cmd: compileSnippet
  api=1 type=0 insize=594257 outsize=4647 kw=LIGHTMAP_OFF DIRLIGHTMAP_OFF DYNAMICLIGHTMAP_OFF LOD_FADE_PERCENTAGE GEOM_TYPE_FROND HDR_LIGHT_PREPASS_OFF ok=1
Cmd: compileSnippet
  api=0 type=0 insize=594257 outsize=11178 kw=LIGHTMAP_OFF DIRLIGHTMAP_OFF DYNAMICLIGHTMAP_OFF LOD_FADE_PERCENTAGE EFFECT_HUE_VARIATION GEOM_TYPE_FROND HDR_LIGHT_PREPASS_OFF ok=1
Cmd: compileSnippet
  api=0 type=0 insize=594257 outsize=12342 kw=LIGHTMAP_OFF DIRLIGHTMAP_OFF DYNAMICLIGHTMAP_OFF UNITY_HDR_ON LOD_FADE_PERCENTAGE EFFECT_BUMP EFFECT_HUE_VARIATION GEOM_TYPE_FROND ok=1
Cmd: compileSnippet
  api=0 type=0 insize=594257 outsize=17923 kw=LIGHTMAP_OFF DIRLIGHTMAP_OFF DYNAMICLIGHTMAP_OFF LOD_FADE_PERCENTAGE EFFECT_HUE_VARIATION GEOM_TYPE_LEAF HDR_LIGHT_PREPASS_OFF ok=1
Cmd: compileSnippet
  api=4 type=0 insize=594257 outsize=23658 kw=LIGHTMAP_OFF DIRLIGHTMAP_OFF DYNAMICLIGHTMAP_OFF LOD_FADE_PERCENTAGE EFFECT_BUMP EFFECT_HUE_VARIATION GEOM_TYPE_LEAF HDR_LIGHT_PREPASS_OFF ok=1
Cmd: compileSnippet
  api=1 type=0 insize=594257 outsize=4421 kw=LIGHTMAP_OFF DIRLIGHTMAP_OFF DYNAMICLIGHTMAP_OFF LOD_FADE_CROSSFADE GEOM_TYPE_BRANCH HDR_LIGHT_PREPASS_OFF ok=1
Cmd: compileSnippet
  api=4 type=0 insize=594257 outsize=14282 kw=LIGHTMAP_OFF DIRLIGHTMAP_OFF DYNAMICLIGHTMAP_OFF UNITY_HDR_ON LOD_FADE_CROSSFADE GEOM_TYPE_BRANCH ok=1
Cmd: compileSnippet
  api=1 type=0 insize=594257 outsize=4448 kw=LIGHTMAP_OFF DIRLIGHTMAP_OFF DYNAMICLIGHTMAP_OFF UNITY_HDR_ON LOD_FADE_CROSSFADE EFFECT_HUE_VARIATION GEOM_TYPE_BRANCH ok=1
Cmd: compileSnippet
  api=4 type=0 insize=594257 outsize=15704 kw=LIGHTMAP_OFF DIRLIGHTMAP_OFF DYNAMICLIGHTMAP_OFF LOD_FADE_CROSSFADE EFFECT_BUMP EFFECT_HUE_VARIATION GEOM_TYPE_BRANCH HDR_LIGHT_PREPASS_OFF ok=1
Cmd: compileSnippet
  api=1 type=0 insize=594257 outsize=4510 kw=LIGHTMAP_OFF DIRLIGHTMAP_OFF DYNAMICLIGHTMAP_OFF LOD_FADE_CROSSFADE GEOM_TYPE_BRANCH_BLEND HDR_LIGHT_PREPASS_OFF ok=1
Cmd: compileSnippet
  api=4 type=0 insize=594257 outsize=14485 kw=LIGHTMAP_OFF DIRLIGHTMAP_OFF DYNAMICLIGHTMAP_OFF UNITY_HDR_ON LOD_FADE_CROSSFADE GEOM_TYPE_BRANCH_BLEND ok=1
Cmd: compileSnippet
  api=1 type=0 insize=594257 outsize=4537 kw=LIGHTMAP_OFF DIRLIGHTMAP_OFF DYNAMICLIGHTMAP_OFF UNITY_HDR_ON LOD_FADE_CROSSFADE EFFECT_HUE_VARIATION GEOM_TYPE_BRANCH_BLEND ok=1
Cmd: compileSnippet
  api=4 type=0 insize=594257 outsize=15907 kw=LIGHTMAP_OFF DIRLIGHTMAP_OFF DYNAMICLIGHTMAP_OFF LOD_FADE_CROSSFADE EFFECT_BUMP EFFECT_HUE_VARIATION GEOM_TYPE_BRANCH_BLEND HDR_LIGHT_PREPASS_OFF ok=1
Cmd: compileSnippet
  api=1 type=0 insize=594257 outsize=4768 kw=LIGHTMAP_OFF DIRLIGHTMAP_OFF DYNAMICLIGHTMAP_OFF LOD_FADE_CROSSFADE GEOM_TYPE_FROND HDR_LIGHT_PREPASS_OFF ok=1
Cmd: compileSnippet
  api=1 type=0 insize=594257 outsize=4768 kw=LIGHTMAP_OFF DIRLIGHTMAP_OFF DYNAMICLIGHTMAP_OFF UNITY_HDR_ON LOD_FADE_CROSSFADE GEOM_TYPE_FROND ok=1
Cmd: compileSnippet
  api=4 type=0 insize=594257 outsize=15485 kw=LIGHTMAP_OFF DIRLIGHTMAP_OFF DYNAMICLIGHTMAP_OFF LOD_FADE_CROSSFADE EFFECT_HUE_VARIATION GEOM_TYPE_FROND HDR_LIGHT_PREPASS_OFF ok=1
Cmd: compileSnippet
  api=1 type=0 insize=594257 outsize=5191 kw=LIGHTMAP_OFF DIRLIGHTMAP_OFF DYNAMICLIGHTMAP_OFF LOD_FADE_CROSSFADE EFFECT_BUMP EFFECT_HUE_VARIATION GEOM_TYPE_FROND HDR_LIGHT_PREPASS_OFF ok=1
Cmd: compileSnippet
  api=4 type=0 insize=594257 outsize=16606 kw=LIGHTMAP_OFF DIRLIGHTMAP_OFF DYNAMICLIGHTMAP_OFF UNITY_HDR_ON LOD_FADE_CROSSFADE EFFECT_BUMP EFFECT_HUE_VARIATION GEOM_TYPE_FROND ok=1
Cmd: compileSnippet
  api=1 type=0 insize=594257 outsize=7977 kw=LIGHTMAP_OFF DIRLIGHTMAP_OFF DYNAMICLIGHTMAP_OFF UNITY_HDR_ON LOD_FADE_CROSSFADE GEOM_TYPE_LEAF ok=1
Cmd: compileSnippet
  api=4 type=0 insize=594257 outsize=23147 kw=LIGHTMAP_OFF DIRLIGHTMAP_OFF DYNAMICLIGHTMAP_OFF LOD_FADE_CROSSFADE EFFECT_HUE_VARIATION GEOM_TYPE_LEAF HDR_LIGHT_PREPASS_OFF ok=1
Cmd: compileSnippet
  api=1 type=0 insize=594257 outsize=8442 kw=LIGHTMAP_OFF DIRLIGHTMAP_OFF DYNAMICLIGHTMAP_OFF LOD_FADE_CROSSFADE EFFECT_BUMP EFFECT_HUE_VARIATION GEOM_TYPE_LEAF HDR_LIGHT_PREPASS_OFF ok=1
Cmd: compileSnippet
  api=0 type=1 insize=594257 outsize=6 kw=LIGHTMAP_OFF DIRLIGHTMAP_OFF DYNAMICLIGHTMAP_OFF GEOM_TYPE_BRANCH HDR_LIGHT_PREPASS_OFF ok=1
Cmd: compileSnippet
  api=1 type=1 insize=594257 outsize=710 kw=LIGHTMAP_OFF DIRLIGHTMAP_OFF DYNAMICLIGHTMAP_OFF EFFECT_HUE_VARIATION GEOM_TYPE_BRANCH HDR_LIGHT_PREPASS_OFF ok=1
Cmd: compileSnippet
  api=4 type=1 insize=594257 outsize=3281 kw=LIGHTMAP_OFF DIRLIGHTMAP_OFF DYNAMICLIGHTMAP_OFF EFFECT_BUMP EFFECT_HUE_VARIATION GEOM_TYPE_BRANCH HDR_LIGHT_PREPASS_OFF ok=1
Cmd: compileSnippet
  api=0 type=1 insize=594257 outsize=6 kw=LIGHTMAP_OFF DIRLIGHTMAP_OFF DYNAMICLIGHTMAP_OFF UNITY_HDR_ON GEOM_TYPE_BRANCH_BLEND ok=1
Cmd: compileSnippet
  api=1 type=1 insize=594257 outsize=804 kw=LIGHTMAP_OFF DIRLIGHTMAP_OFF DYNAMICLIGHTMAP_OFF EFFECT_HUE_VARIATION GEOM_TYPE_BRANCH_BLEND HDR_LIGHT_PREPASS_OFF ok=1
Cmd: compileSnippet
  api=4 type=1 insize=594257 outsize=3606 kw=LIGHTMAP_OFF DIRLIGHTMAP_OFF DYNAMICLIGHTMAP_OFF EFFECT_BUMP EFFECT_HUE_VARIATION GEOM_TYPE_BRANCH_BLEND HDR_LIGHT_PREPASS_OFF ok=1
Cmd: compileSnippet
  api=1 type=1 insize=594257 outsize=484 kw=LIGHTMAP_OFF DIRLIGHTMAP_OFF DYNAMICLIGHTMAP_OFF UNITY_HDR_ON GEOM_TYPE_FROND ok=1
Cmd: compileSnippet
  api=4 type=1 insize=594257 outsize=2753 kw=LIGHTMAP_OFF DIRLIGHTMAP_OFF DYNAMICLIGHTMAP_OFF UNITY_HDR_ON EFFECT_HUE_VARIATION GEOM_TYPE_FROND ok=1
Cmd: compileSnippet
  api=0 type=1 insize=594257 outsize=6 kw=LIGHTMAP_OFF DIRLIGHTMAP_OFF DYNAMICLIGHTMAP_OFF GEOM_TYPE_LEAF HDR_LIGHT_PREPASS_OFF ok=1
Cmd: compileSnippet
  api=1 type=1 insize=594257 outsize=484 kw=LIGHTMAP_OFF DIRLIGHTMAP_OFF DYNAMICLIGHTMAP_OFF UNITY_HDR_ON GEOM_TYPE_LEAF ok=1
Cmd: compileSnippet
  api=4 type=1 insize=594257 outsize=2753 kw=LIGHTMAP_OFF DIRLIGHTMAP_OFF DYNAMICLIGHTMAP_OFF UNITY_HDR_ON EFFECT_HUE_VARIATION GEOM_TYPE_LEAF ok=1
Cmd: compileSnippet
  api=0 type=1 insize=594257 outsize=6 kw=LIGHTMAP_OFF DIRLIGHTMAP_OFF DYNAMICLIGHTMAP_OFF LOD_FADE_PERCENTAGE GEOM_TYPE_BRANCH HDR_LIGHT_PREPASS_OFF ok=1
Cmd: compileSnippet
  api=0 type=1 insize=594257 outsize=6 kw=LIGHTMAP_OFF DIRLIGHTMAP_OFF DYNAMICLIGHTMAP_OFF UNITY_HDR_ON LOD_FADE_PERCENTAGE GEOM_TYPE_BRANCH ok=1
Cmd: compileSnippet
  api=4 type=1 insize=594257 outsize=2623 kw=LIGHTMAP_OFF DIRLIGHTMAP_OFF DYNAMICLIGHTMAP_OFF LOD_FADE_PERCENTAGE EFFECT_HUE_VARIATION GEOM_TYPE_BRANCH HDR_LIGHT_PREPASS_OFF ok=1
Cmd: compileSnippet
  api=4 type=1 insize=594257 outsize=3281 kw=LIGHTMAP_OFF DIRLIGHTMAP_OFF DYNAMICLIGHTMAP_OFF LOD_FADE_PERCENTAGE EFFECT_BUMP EFFECT_HUE_VARIATION GEOM_TYPE_BRANCH HDR_LIGHT_PREPASS_OFF ok=1
Cmd: compileSnippet
  api=0 type=1 insize=594257 outsize=6 kw=LIGHTMAP_OFF DIRLIGHTMAP_OFF DYNAMICLIGHTMAP_OFF UNITY_HDR_ON LOD_FADE_PERCENTAGE GEOM_TYPE_BRANCH_BLEND ok=1
Cmd: compileSnippet
  api=4 type=1 insize=594257 outsize=2948 kw=LIGHTMAP_OFF DIRLIGHTMAP_OFF DYNAMICLIGHTMAP_OFF LOD_FADE_PERCENTAGE EFFECT_HUE_VARIATION GEOM_TYPE_BRANCH_BLEND HDR_LIGHT_PREPASS_OFF ok=1
Cmd: compileSnippet
  api=0 type=1 insize=594257 outsize=6 kw=LIGHTMAP_OFF DIRLIGHTMAP_OFF DYNAMICLIGHTMAP_OFF UNITY_HDR_ON LOD_FADE_PERCENTAGE EFFECT_BUMP EFFECT_HUE_VARIATION GEOM_TYPE_BRANCH_BLEND ok=1
Cmd: compileSnippet
  api=1 type=1 insize=594257 outsize=543 kw=LIGHTMAP_OFF DIRLIGHTMAP_OFF DYNAMICLIGHTMAP_OFF LOD_FADE_PERCENTAGE GEOM_TYPE_FROND HDR_LIGHT_PREPASS_OFF ok=1
Cmd: compileSnippet
  api=4 type=1 insize=594257 outsize=2802 kw=LIGHTMAP_OFF DIRLIGHTMAP_OFF DYNAMICLIGHTMAP_OFF LOD_FADE_PERCENTAGE EFFECT_HUE_VARIATION GEOM_TYPE_FROND HDR_LIGHT_PREPASS_OFF ok=1
Cmd: compileSnippet
  api=0 type=1 insize=594257 outsize=6 kw=LIGHTMAP_OFF DIRLIGHTMAP_OFF DYNAMICLIGHTMAP_OFF UNITY_HDR_ON LOD_FADE_PERCENTAGE EFFECT_BUMP EFFECT_HUE_VARIATION GEOM_TYPE_FROND ok=1
Cmd: compileSnippet
  api=1 type=1 insize=594257 outsize=543 kw=LIGHTMAP_OFF DIRLIGHTMAP_OFF DYNAMICLIGHTMAP_OFF LOD_FADE_PERCENTAGE GEOM_TYPE_LEAF HDR_LIGHT_PREPASS_OFF ok=1
Cmd: compileSnippet
  api=1 type=1 insize=594257 outsize=765 kw=LIGHTMAP_OFF DIRLIGHTMAP_OFF DYNAMICLIGHTMAP_OFF LOD_FADE_PERCENTAGE EFFECT_HUE_VARIATION GEOM_TYPE_LEAF HDR_LIGHT_PREPASS_OFF ok=1
Cmd: compileSnippet
  api=4 type=1 insize=594257 outsize=3460 kw=LIGHTMAP_OFF DIRLIGHTMAP_OFF DYNAMICLIGHTMAP_OFF LOD_FADE_PERCENTAGE EFFECT_BUMP EFFECT_HUE_VARIATION GEOM_TYPE_LEAF HDR_LIGHT_PREPASS_OFF ok=1
Cmd: compileSnippet
  api=0 type=1 insize=594257 outsize=6 kw=LIGHTMAP_OFF DIRLIGHTMAP_OFF DYNAMICLIGHTMAP_OFF UNITY_HDR_ON LOD_FADE_CROSSFADE GEOM_TYPE_BRANCH ok=1
Cmd: compileSnippet
  api=1 type=1 insize=594257 outsize=926 kw=LIGHTMAP_OFF DIRLIGHTMAP_OFF DYNAMICLIGHTMAP_OFF LOD_FADE_CROSSFADE EFFECT_HUE_VARIATION GEOM_TYPE_BRANCH HDR_LIGHT_PREPASS_OFF ok=1
Cmd: compileSnippet
  api=0 type=1 insize=594257 outsize=6 kw=LIGHTMAP_OFF DIRLIGHTMAP_OFF DYNAMICLIGHTMAP_OFF UNITY_HDR_ON LOD_FADE_CROSSFADE EFFECT_BUMP EFFECT_HUE_VARIATION GEOM_TYPE_BRANCH ok=1
Cmd: compileSnippet
  api=1 type=1 insize=594257 outsize=783 kw=LIGHTMAP_OFF DIRLIGHTMAP_OFF DYNAMICLIGHTMAP_OFF LOD_FADE_CROSSFADE GEOM_TYPE_BRANCH_BLEND HDR_LIGHT_PREPASS_OFF ok=1
Cmd: compileSnippet
  api=1 type=1 insize=594257 outsize=1020 kw=LIGHTMAP_OFF DIRLIGHTMAP_OFF DYNAMICLIGHTMAP_OFF LOD_FADE_CROSSFADE EFFECT_HUE_VARIATION GEOM_TYPE_BRANCH_BLEND HDR_LIGHT_PREPASS_OFF ok=1
Cmd: compileSnippet
  api=4 type=1 insize=594257 outsize=4158 kw=LIGHTMAP_OFF DIRLIGHTMAP_OFF DYNAMICLIGHTMAP_OFF LOD_FADE_CROSSFADE EFFECT_BUMP EFFECT_HUE_VARIATION GEOM_TYPE_BRANCH_BLEND HDR_LIGHT_PREPASS_OFF ok=1
Cmd: compileSnippet
  api=1 type=1 insize=594257 outsize=685 kw=LIGHTMAP_OFF DIRLIGHTMAP_OFF DYNAMICLIGHTMAP_OFF UNITY_HDR_ON LOD_FADE_CROSSFADE GEOM_TYPE_FROND ok=1
Cmd: compileSnippet
  api=4 type=1 insize=594257 outsize=3305 kw=LIGHTMAP_OFF DIRLIGHTMAP_OFF DYNAMICLIGHTMAP_OFF UNITY_HDR_ON LOD_FADE_CROSSFADE EFFECT_HUE_VARIATION GEOM_TYPE_FROND ok=1
Cmd: compileSnippet
  api=0 type=1 insize=594257 outsize=6 kw=LIGHTMAP_OFF DIRLIGHTMAP_OFF DYNAMICLIGHTMAP_OFF LOD_FADE_CROSSFADE GEOM_TYPE_LEAF HDR_LIGHT_PREPASS_OFF ok=1
Cmd: compileSnippet
  api=1 type=1 insize=594257 outsize=685 kw=LIGHTMAP_OFF DIRLIGHTMAP_OFF DYNAMICLIGHTMAP_OFF UNITY_HDR_ON LOD_FADE_CROSSFADE GEOM_TYPE_LEAF ok=1
Cmd: compileSnippet
  api=4 type=1 insize=594257 outsize=3305 kw=LIGHTMAP_OFF DIRLIGHTMAP_OFF DYNAMICLIGHTMAP_OFF UNITY_HDR_ON LOD_FADE_CROSSFADE EFFECT_HUE_VARIATION GEOM_TYPE_LEAF ok=1
Cmd: compileSnippet
  api=1 type=1 insize=594257 outsize=1175 kw=LIGHTMAP_OFF DIRLIGHTMAP_OFF DYNAMICLIGHTMAP_OFF UNITY_HDR_ON LOD_FADE_CROSSFADE EFFECT_BUMP EFFECT_HUE_VARIATION GEOM_TYPE_LEAF ok=1
Cmd: compileSnippet
  api=1 type=0 insize=1168 outsize=3761 kw=SHADOWS_CUBE GEOM_TYPE_BRANCH ok=1
Cmd: compileSnippet
  api=1 type=0 insize=1168 outsize=4326 kw=SHADOWS_DEPTH GEOM_TYPE_BRANCH_BLEND ok=1
Cmd: compileSnippet
  api=4 type=0 insize=1168 outsize=11512 kw=SHADOWS_CUBE GEOM_TYPE_BRANCH_BLEND ok=1
Cmd: compileSnippet
  api=4 type=0 insize=1168 outsize=12552 kw=SHADOWS_CUBE GEOM_TYPE_FROND ok=1
Cmd: compileSnippet
  api=4 type=0 insize=1168 outsize=19840 kw=SHADOWS_CUBE GEOM_TYPE_LEAF ok=1
Cmd: compileSnippet
  api=0 type=0 insize=1168 outsize=8657 kw=SHADOWS_DEPTH LOD_FADE_PERCENTAGE GEOM_TYPE_BRANCH_BLEND ok=1
Cmd: compileSnippet
  api=1 type=0 insize=1168 outsize=4235 kw=SHADOWS_CUBE LOD_FADE_PERCENTAGE GEOM_TYPE_FROND ok=1
Cmd: compileSnippet
  api=0 type=0 insize=1168 outsize=14885 kw=SHADOWS_CUBE LOD_FADE_PERCENTAGE GEOM_TYPE_LEAF ok=1
Cmd: compileSnippet
  api=0 type=1 insize=1168 outsize=6 kw=SHADOWS_CUBE GEOM_TYPE_BRANCH ok=1
Cmd: compileSnippet
  api=0 type=1 insize=1168 outsize=6 kw=SHADOWS_CUBE GEOM_TYPE_BRANCH_BLEND ok=1
Cmd: compileSnippet
  api=4 type=1 insize=1168 outsize=681 kw=SHADOWS_CUBE GEOM_TYPE_BRANCH_BLEND ok=1
Cmd: compileSnippet
  api=4 type=1 insize=1168 outsize=1095 kw=SHADOWS_CUBE GEOM_TYPE_LEAF ok=1
Cmd: compileSnippet
  api=4 type=1 insize=1168 outsize=681 kw=SHADOWS_CUBE LOD_FADE_PERCENTAGE GEOM_TYPE_BRANCH_BLEND ok=1
Cmd: compileSnippet
  api=4 type=1 insize=1168 outsize=1095 kw=SHADOWS_CUBE LOD_FADE_PERCENTAGE GEOM_TYPE_LEAF ok=1
Cmd: compileSnippet
  api=0 type=0 insize=1267 outsize=10867 kw=EFFECT_HUE_VARIATION GEOM_TYPE_BRANCH ok=1
Cmd: compileSnippet
  api=0 type=0 insize=1267 outsize=11300 kw=GEOM_TYPE_FROND ok=1
Cmd: compileSnippet
  api=1 type=0 insize=1267 outsize=8745 kw=GEOM_TYPE_LEAF ok=1
Cmd: compileSnippet
  api=0 type=0 insize=1267 outsize=10438 kw=LOD_FADE_PERCENTAGE GEOM_TYPE_BRANCH ok=1
Cmd: compileSnippet
  api=4 type=0 insize=1267 outsize=13933 kw=LOD_FADE_PERCENTAGE GEOM_TYPE_BRANCH_BLEND ok=1
Cmd: compileSnippet
  api=1 type=0 insize=1267 outsize=5669 kw=LOD_FADE_PERCENTAGE GEOM_TYPE_FROND ok=1
Cmd: compileSnippet
  api=0 type=0 insize=1267 outsize=18180 kw=LOD_FADE_PERCENTAGE GEOM_TYPE_LEAF ok=1
Cmd: compileSnippet
  api=4 type=0 insize=1267 outsize=14493 kw=LOD_FADE_CROSSFADE GEOM_TYPE_BRANCH ok=1
Cmd: compileSnippet
  api=4 type=0 insize=1267 outsize=14697 kw=LOD_FADE_CROSSFADE GEOM_TYPE_BRANCH_BLEND ok=1
Cmd: compileSnippet
  api=1 type=0 insize=1267 outsize=5770 kw=LOD_FADE_CROSSFADE GEOM_TYPE_FROND ok=1
Cmd: compileSnippet
  api=4 type=0 insize=1267 outsize=15696 kw=LOD_FADE_CROSSFADE EFFECT_HUE_VARIATION GEOM_TYPE_FROND ok=1
Cmd: compileSnippet
  api=1 type=0 insize=1267 outsize=9133 kw=LOD_FADE_CROSSFADE EFFECT_HUE_VARIATION GEOM_TYPE_LEAF ok=1
Cmd: compileSnippet
  api=1 type=1 insize=1267 outsize=133 kw=GEOM_TYPE_BRANCH ok=1
Cmd: compileSnippet
  api=0 type=1 insize=1267 outsize=6 kw=EFFECT_HUE_VARIATION GEOM_TYPE_BRANCH_BLEND ok=1
Cmd: compileSnippet
  api=4 type=1 insize=1267 outsize=1729 kw=EFFECT_HUE_VARIATION GEOM_TYPE_BRANCH_BLEND ok=1
Cmd: compileSnippet
  api=0 type=1 insize=1267 outsize=6 kw=EFFECT_HUE_VARIATION GEOM_TYPE_LEAF ok=1
Cmd: compileSnippet
  api=1 type=1 insize=1267 outsize=449 kw=EFFECT_HUE_VARIATION GEOM_TYPE_LEAF ok=1
Cmd: compileSnippet
  api=1 type=1 insize=1267 outsize=227 kw=LOD_FADE_PERCENTAGE GEOM_TYPE_BRANCH_BLEND ok=1
Cmd: compileSnippet
  api=0 type=1 insize=1267 outsize=6 kw=LOD_FADE_PERCENTAGE EFFECT_HUE_VARIATION GEOM_TYPE_FROND ok=1
Cmd: compileSnippet
  api=0 type=1 insize=1267 outsize=6 kw=LOD_FADE_PERCENTAGE GEOM_TYPE_LEAF ok=1
Cmd: compileSnippet
  api=1 type=1 insize=1267 outsize=206 kw=LOD_FADE_PERCENTAGE GEOM_TYPE_LEAF ok=1
Cmd: compileSnippet
  api=1 type=1 insize=1267 outsize=347 kw=LOD_FADE_CROSSFADE GEOM_TYPE_BRANCH ok=1
Cmd: compileSnippet
  api=0 type=1 insize=1267 outsize=6 kw=LOD_FADE_CROSSFADE EFFECT_HUE_VARIATION GEOM_TYPE_BRANCH_BLEND ok=1
Cmd: compileSnippet
  api=4 type=1 insize=1267 outsize=2282 kw=LOD_FADE_CROSSFADE EFFECT_HUE_VARIATION GEOM_TYPE_BRANCH_BLEND ok=1
Cmd: compileSnippet
  api=4 type=1 insize=1267 outsize=1615 kw=LOD_FADE_CROSSFADE GEOM_TYPE_LEAF ok=1
Cmd: compileSnippet
  api=8 type=0 insize=99240 outsize=5493 kw=DIRECTIONAL SHADOWS_OFF LIGHTMAP_OFF DIRLIGHTMAP_OFF DYNAMICLIGHTMAP_OFF GEOM_TYPE_BRANCH ok=1
Cmd: compileSnippet
  api=4 type=0 insize=99240 outsize=5304 kw=DIRECTIONAL SHADOWS_OFF LIGHTMAP_OFF DIRLIGHTMAP_OFF DYNAMICLIGHTMAP_OFF VERTEXLIGHT_ON GEOM_TYPE_BRANCH ok=1
Cmd: compileSnippet
  api=1 type=0 insize=99240 outsize=1269 kw=DIRECTIONAL SHADOWS_SCREEN LIGHTMAP_OFF DIRLIGHTMAP_OFF DYNAMICLIGHTMAP_OFF VERTEXLIGHT_ON GEOM_TYPE_BRANCH ok=1
Cmd: compileSnippet
  api=4 type=0 insize=99240 outsize=5694 kw=DIRECTIONAL SHADOWS_SCREEN LIGHTMAP_OFF DIRLIGHTMAP_OFF DYNAMICLIGHTMAP_OFF VERTEXLIGHT_ON GEOM_TYPE_BRANCH ok=1
Cmd: compileSnippet
  api=1 type=0 insize=99240 outsize=704 kw=DIRECTIONAL SHADOWS_OFF LIGHTMAP_OFF DIRLIGHTMAP_OFF DYNAMICLIGHTMAP_OFF GEOM_TYPE_BRANCH_BLEND ok=1
Cmd: compileSnippet
  api=0 type=0 insize=99240 outsize=3371 kw=DIRECTIONAL SHADOWS_SCREEN LIGHTMAP_OFF DIRLIGHTMAP_OFF DYNAMICLIGHTMAP_OFF GEOM_TYPE_BRANCH_BLEND ok=1
Cmd: compileSnippet
  api=1 type=0 insize=99240 outsize=634 kw=DIRECTIONAL SHADOWS_OFF LIGHTMAP_OFF DIRLIGHTMAP_OFF DYNAMICLIGHTMAP_OFF GEOM_TYPE_FROND ok=1
Cmd: compileSnippet
  api=0 type=0 insize=99240 outsize=3147 kw=DIRECTIONAL SHADOWS_SCREEN LIGHTMAP_OFF DIRLIGHTMAP_OFF DYNAMICLIGHTMAP_OFF GEOM_TYPE_FROND ok=1
Cmd: compileSnippet
  api=1 type=0 insize=99240 outsize=634 kw=DIRECTIONAL SHADOWS_OFF LIGHTMAP_OFF DIRLIGHTMAP_OFF DYNAMICLIGHTMAP_OFF GEOM_TYPE_LEAF ok=1
Cmd: compileSnippet
  api=0 type=0 insize=99240 outsize=3279 kw=DIRECTIONAL SHADOWS_SCREEN LIGHTMAP_OFF DIRLIGHTMAP_OFF DYNAMICLIGHTMAP_OFF GEOM_TYPE_LEAF ok=1
Cmd: compileSnippet
  api=0 type=0 insize=99240 outsize=2681 kw=DIRECTIONAL SHADOWS_OFF LIGHTMAP_OFF DIRLIGHTMAP_OFF DYNAMICLIGHTMAP_OFF LOD_FADE_PERCENTAGE GEOM_TYPE_BRANCH ok=1
Cmd: compileSnippet
  api=4 type=0 insize=99240 outsize=5922 kw=DIRECTIONAL SHADOWS_SCREEN LIGHTMAP_OFF DIRLIGHTMAP_OFF DYNAMICLIGHTMAP_OFF VERTEXLIGHT_ON LOD_FADE_PERCENTAGE GEOM_TYPE_BRANCH ok=1
Cmd: compileSnippet
  api=0 type=0 insize=99240 outsize=3051 kw=DIRECTIONAL SHADOWS_OFF LIGHTMAP_OFF DIRLIGHTMAP_OFF DYNAMICLIGHTMAP_OFF LOD_FADE_PERCENTAGE GEOM_TYPE_BRANCH_BLEND ok=1
Cmd: compileSnippet
  api=8 type=0 insize=99240 outsize=9490 kw=DIRECTIONAL SHADOWS_SCREEN SHADOWS_NATIVE LIGHTMAP_OFF DIRLIGHTMAP_OFF DYNAMICLIGHTMAP_OFF VERTEXLIGHT_ON LOD_FADE_PERCENTAGE GEOM_TYPE_BRANCH_BLEND ok=1
Cmd: compileSnippet
  api=4 type=0 insize=99240 outsize=4467 kw=DIRECTIONAL SHADOWS_SCREEN LIGHTMAP_OFF DIRLIGHTMAP_OFF DYNAMICLIGHTMAP_OFF LOD_FADE_PERCENTAGE GEOM_TYPE_FROND ok=1
Cmd: compileSnippet
  api=8 type=0 insize=99240 outsize=8182 kw=DIRECTIONAL SHADOWS_OFF LIGHTMAP_OFF DIRLIGHTMAP_OFF DYNAMICLIGHTMAP_OFF VERTEXLIGHT_ON LOD_FADE_PERCENTAGE GEOM_TYPE_FROND ok=1
Cmd: compileSnippet
  api=8 type=0 insize=99240 outsize=9238 kw=DIRECTIONAL SHADOWS_SCREEN SHADOWS_NATIVE LIGHTMAP_OFF DIRLIGHTMAP_OFF DYNAMICLIGHTMAP_OFF VERTEXLIGHT_ON LOD_FADE_PERCENTAGE GEOM_TYPE_FROND ok=1
Cmd: compileSnippet
  api=0 type=0 insize=99240 outsize=3517 kw=DIRECTIONAL SHADOWS_SCREEN LIGHTMAP_OFF DIRLIGHTMAP_OFF DYNAMICLIGHTMAP_OFF LOD_FADE_PERCENTAGE GEOM_TYPE_LEAF ok=1
Cmd: compileSnippet
  api=0 type=1 insize=99240 outsize=6 kw=DIRECTIONAL SHADOWS_OFF LIGHTMAP_OFF DIRLIGHTMAP_OFF DYNAMICLIGHTMAP_OFF GEOM_TYPE_BRANCH ok=1
Cmd: compileSnippet
  api=4 type=1 insize=99240 outsize=1680 kw=DIRECTIONAL SHADOWS_SCREEN LIGHTMAP_OFF DIRLIGHTMAP_OFF DYNAMICLIGHTMAP_OFF GEOM_TYPE_BRANCH ok=1
Cmd: compileSnippet
  api=1 type=1 insize=99240 outsize=447 kw=DIRECTIONAL SHADOWS_SCREEN LIGHTMAP_OFF DIRLIGHTMAP_OFF DYNAMICLIGHTMAP_OFF GEOM_TYPE_BRANCH_BLEND ok=1
Cmd: compileSnippet
  api=8 type=1 insize=99240 outsize=2283 kw=DIRECTIONAL SHADOWS_OFF LIGHTMAP_OFF DIRLIGHTMAP_OFF DYNAMICLIGHTMAP_OFF GEOM_TYPE_FROND ok=1
Cmd: compileSnippet
  api=8 type=1 insize=99240 outsize=2283 kw=DIRECTIONAL SHADOWS_OFF LIGHTMAP_OFF DIRLIGHTMAP_OFF DYNAMICLIGHTMAP_OFF GEOM_TYPE_LEAF ok=1
Cmd: compileSnippet
  api=0 type=1 insize=99240 outsize=6 kw=DIRECTIONAL SHADOWS_SCREEN LIGHTMAP_OFF DIRLIGHTMAP_OFF DYNAMICLIGHTMAP_OFF LOD_FADE_PERCENTAGE GEOM_TYPE_BRANCH ok=1
Cmd: compileSnippet
  api=4 type=1 insize=99240 outsize=1680 kw=DIRECTIONAL SHADOWS_SCREEN LIGHTMAP_OFF DIRLIGHTMAP_OFF DYNAMICLIGHTMAP_OFF LOD_FADE_PERCENTAGE GEOM_TYPE_BRANCH ok=1
Cmd: compileSnippet
  api=1 type=1 insize=99240 outsize=447 kw=DIRECTIONAL SHADOWS_SCREEN LIGHTMAP_OFF DIRLIGHTMAP_OFF DYNAMICLIGHTMAP_OFF LOD_FADE_PERCENTAGE GEOM_TYPE_BRANCH_BLEND ok=1
Cmd: compileSnippet
  api=8 type=1 insize=99240 outsize=2283 kw=DIRECTIONAL SHADOWS_OFF LIGHTMAP_OFF DIRLIGHTMAP_OFF DYNAMICLIGHTMAP_OFF LOD_FADE_PERCENTAGE GEOM_TYPE_FROND ok=1
Cmd: compileSnippet
  api=0 type=1 insize=99240 outsize=6 kw=DIRECTIONAL SHADOWS_SCREEN LIGHTMAP_OFF DIRLIGHTMAP_OFF DYNAMICLIGHTMAP_OFF LOD_FADE_PERCENTAGE GEOM_TYPE_LEAF ok=1
Cmd: compileSnippet
  api=4 type=1 insize=99240 outsize=1859 kw=DIRECTIONAL SHADOWS_SCREEN LIGHTMAP_OFF DIRLIGHTMAP_OFF DYNAMICLIGHTMAP_OFF LOD_FADE_PERCENTAGE GEOM_TYPE_LEAF ok=1
Cmd: compileSnippet
  api=1 type=0 insize=58481 outsize=413 kw=DIRECTIONAL GEOM_TYPE_BRANCH ok=1
Cmd: compileSnippet
  api=4 type=0 insize=58481 outsize=2940 kw=DIRECTIONAL GEOM_TYPE_BRANCH ok=1
Cmd: compileSnippet
  api=4 type=0 insize=58481 outsize=2940 kw=SPOT GEOM_TYPE_BRANCH ok=1
Cmd: compileSnippet
  api=1 type=0 insize=58481 outsize=413 kw=POINT_COOKIE GEOM_TYPE_BRANCH ok=1
Cmd: compileSnippet
  api=8 type=0 insize=58481 outsize=4201 kw=POINT_COOKIE GEOM_TYPE_BRANCH ok=1
Cmd: compileSnippet
  api=8 type=0 insize=58481 outsize=4201 kw=DIRECTIONAL_COOKIE GEOM_TYPE_BRANCH ok=1
Cmd: compileSnippet
  api=8 type=0 insize=58481 outsize=4502 kw=POINT GEOM_TYPE_BRANCH_BLEND ok=1
Cmd: compileSnippet
  api=4 type=0 insize=58481 outsize=3143 kw=DIRECTIONAL GEOM_TYPE_BRANCH_BLEND ok=1
Cmd: compileSnippet
  api=1 type=0 insize=58481 outsize=483 kw=SPOT GEOM_TYPE_BRANCH_BLEND ok=1
Cmd: compileSnippet
  api=8 type=0 insize=58481 outsize=4502 kw=SPOT GEOM_TYPE_BRANCH_BLEND ok=1
Cmd: compileSnippet
  api=4 type=0 insize=58481 outsize=3143 kw=POINT_COOKIE GEOM_TYPE_BRANCH_BLEND ok=1
Cmd: compileSnippet
  api=4 type=0 insize=58481 outsize=3143 kw=DIRECTIONAL_COOKIE GEOM_TYPE_BRANCH_BLEND ok=1
Cmd: compileSnippet
  api=1 type=0 insize=58481 outsize=413 kw=POINT GEOM_TYPE_FROND ok=1
Cmd: compileSnippet
  api=0 type=0 insize=58481 outsize=1819 kw=DIRECTIONAL GEOM_TYPE_FROND ok=1
Cmd: compileSnippet
  api=1 type=0 insize=58481 outsize=413 kw=DIRECTIONAL_COOKIE GEOM_TYPE_FROND ok=1
Cmd: compileSnippet
  api=8 type=0 insize=58481 outsize=4201 kw=DIRECTIONAL_COOKIE GEOM_TYPE_FROND ok=1
Cmd: compileSnippet
  api=8 type=0 insize=58481 outsize=4201 kw=POINT GEOM_TYPE_LEAF ok=1
Cmd: compileSnippet
  api=4 type=0 insize=58481 outsize=2940 kw=DIRECTIONAL GEOM_TYPE_LEAF ok=1
Cmd: compileSnippet
  api=1 type=0 insize=58481 outsize=413 kw=SPOT GEOM_TYPE_LEAF ok=1
Cmd: compileSnippet
  api=0 type=0 insize=58481 outsize=2360 kw=POINT_COOKIE GEOM_TYPE_LEAF ok=1
Cmd: compileSnippet
  api=8 type=0 insize=58481 outsize=4518 kw=DIRECTIONAL LOD_FADE_PERCENTAGE GEOM_TYPE_BRANCH ok=1
Cmd: compileSnippet
  api=8 type=0 insize=58481 outsize=4518 kw=SPOT LOD_FADE_PERCENTAGE GEOM_TYPE_BRANCH ok=1
Cmd: compileSnippet
  api=8 type=0 insize=58481 outsize=4518 kw=POINT_COOKIE LOD_FADE_PERCENTAGE GEOM_TYPE_BRANCH ok=1
Cmd: compileSnippet
  api=8 type=0 insize=58481 outsize=4518 kw=DIRECTIONAL_COOKIE LOD_FADE_PERCENTAGE GEOM_TYPE_BRANCH ok=1
Cmd: compileSnippet
  api=4 type=0 insize=58481 outsize=3289 kw=POINT LOD_FADE_PERCENTAGE GEOM_TYPE_BRANCH_BLEND ok=1
Cmd: compileSnippet
  api=1 type=0 insize=58481 outsize=540 kw=DIRECTIONAL LOD_FADE_PERCENTAGE GEOM_TYPE_BRANCH_BLEND ok=1
Cmd: compileSnippet
  api=0 type=0 insize=58481 outsize=2659 kw=SPOT LOD_FADE_PERCENTAGE GEOM_TYPE_BRANCH_BLEND ok=1
Cmd: compileSnippet
  api=4 type=0 insize=58481 outsize=3110 kw=POINT LOD_FADE_PERCENTAGE GEOM_TYPE_FROND ok=1
Cmd: compileSnippet
  api=1 type=0 insize=58481 outsize=487 kw=DIRECTIONAL LOD_FADE_PERCENTAGE GEOM_TYPE_FROND ok=1
Cmd: compileSnippet
  api=4 type=0 insize=58481 outsize=3110 kw=DIRECTIONAL LOD_FADE_PERCENTAGE GEOM_TYPE_FROND ok=1
Cmd: compileSnippet
  api=4 type=0 insize=58481 outsize=3110 kw=SPOT LOD_FADE_PERCENTAGE GEOM_TYPE_FROND ok=1
Cmd: compileSnippet
  api=1 type=0 insize=58481 outsize=487 kw=POINT_COOKIE LOD_FADE_PERCENTAGE GEOM_TYPE_FROND ok=1
Cmd: compileSnippet
  api=0 type=0 insize=58481 outsize=2201 kw=DIRECTIONAL_COOKIE LOD_FADE_PERCENTAGE GEOM_TYPE_FROND ok=1
Cmd: compileSnippet
  api=1 type=0 insize=58481 outsize=576 kw=SPOT LOD_FADE_PERCENTAGE GEOM_TYPE_LEAF ok=1
Cmd: compileSnippet
  api=0 type=0 insize=58481 outsize=2582 kw=POINT_COOKIE LOD_FADE_PERCENTAGE GEOM_TYPE_LEAF ok=1
Cmd: compileSnippet
  api=0 type=1 insize=58481 outsize=6 kw=DIRECTIONAL GEOM_TYPE_BRANCH ok=1
Cmd: compileSnippet
  api=8 type=1 insize=58481 outsize=1788 kw=DIRECTIONAL GEOM_TYPE_BRANCH ok=1
Cmd: compileSnippet
  api=8 type=1 insize=58481 outsize=3258 kw=POINT_COOKIE GEOM_TYPE_BRANCH ok=1
Cmd: compileSnippet
  api=8 type=1 insize=58481 outsize=3397 kw=POINT GEOM_TYPE_BRANCH_BLEND ok=1
Cmd: compileSnippet
  api=1 type=1 insize=58481 outsize=594 kw=POINT_COOKIE GEOM_TYPE_BRANCH_BLEND ok=1
Cmd: compileSnippet
  api=4 type=1 insize=58481 outsize=2046 kw=DIRECTIONAL_COOKIE GEOM_TYPE_BRANCH_BLEND ok=1
Cmd: compileSnippet
  api=1 type=1 insize=58481 outsize=298 kw=DIRECTIONAL GEOM_TYPE_FROND ok=1
Cmd: compileSnippet
  api=8 type=1 insize=58481 outsize=3908 kw=SPOT GEOM_TYPE_FROND ok=1
Cmd: compileSnippet
  api=0 type=1 insize=58481 outsize=6 kw=DIRECTIONAL GEOM_TYPE_LEAF ok=1
Cmd: compileSnippet
  api=4 type=1 insize=58481 outsize=1396 kw=DIRECTIONAL GEOM_TYPE_LEAF ok=1
Cmd: compileSnippet
  api=0 type=1 insize=58481 outsize=6 kw=POINT_COOKIE GEOM_TYPE_LEAF ok=1
Cmd: compileSnippet
  api=4 type=1 insize=58481 outsize=2363 kw=POINT_COOKIE GEOM_TYPE_LEAF ok=1
Cmd: compileSnippet
  api=1 type=1 insize=58481 outsize=460 kw=POINT LOD_FADE_PERCENTAGE GEOM_TYPE_BRANCH ok=1
Cmd: compileSnippet
  api=8 type=1 insize=58481 outsize=1788 kw=DIRECTIONAL LOD_FADE_PERCENTAGE GEOM_TYPE_BRANCH ok=1
Cmd: compileSnippet
  api=8 type=1 insize=58481 outsize=3258 kw=POINT_COOKIE LOD_FADE_PERCENTAGE GEOM_TYPE_BRANCH ok=1
Cmd: compileSnippet
  api=4 type=1 insize=58481 outsize=1542 kw=DIRECTIONAL LOD_FADE_PERCENTAGE GEOM_TYPE_BRANCH_BLEND ok=1
Cmd: compileSnippet
  api=8 type=1 insize=58481 outsize=4095 kw=SPOT LOD_FADE_PERCENTAGE GEOM_TYPE_BRANCH_BLEND ok=1
Cmd: compileSnippet
  api=8 type=1 insize=58481 outsize=3210 kw=POINT LOD_FADE_PERCENTAGE GEOM_TYPE_FROND ok=1
Cmd: compileSnippet
  api=0 type=1 insize=58481 outsize=6 kw=POINT_COOKIE LOD_FADE_PERCENTAGE GEOM_TYPE_FROND ok=1
Cmd: compileSnippet
  api=4 type=1 insize=58481 outsize=2363 kw=POINT_COOKIE LOD_FADE_PERCENTAGE GEOM_TYPE_FROND ok=1
Cmd: compileSnippet
  api=0 type=1 insize=58481 outsize=6 kw=POINT LOD_FADE_PERCENTAGE GEOM_TYPE_LEAF ok=1
Cmd: compileSnippet
  api=1 type=1 insize=58481 outsize=515 kw=POINT LOD_FADE_PERCENTAGE GEOM_TYPE_LEAF ok=1
Cmd: compileSnippet
  api=1 type=1 insize=58481 outsize=663 kw=SPOT LOD_FADE_PERCENTAGE GEOM_TYPE_LEAF ok=1
Cmd: compileSnippet
  api=0 type=1 insize=58481 outsize=6 kw=DIRECTIONAL_COOKIE LOD_FADE_PERCENTAGE GEOM_TYPE_LEAF ok=1
Cmd: compileSnippet
  api=4 type=1 insize=58481 outsize=1900 kw=DIRECTIONAL_COOKIE LOD_FADE_PERCENTAGE GEOM_TYPE_LEAF ok=1
Cmd: compileSnippet
  api=4 type=0 insize=49708 outsize=2940 kw=GEOM_TYPE_BRANCH ok=1
Cmd: compileSnippet
  api=0 type=0 insize=49708 outsize=1499 kw=GEOM_TYPE_FROND ok=1
Cmd: compileSnippet
  api=1 type=0 insize=49708 outsize=540 kw=LOD_FADE_PERCENTAGE GEOM_TYPE_BRANCH_BLEND ok=1
Cmd: compileSnippet
  api=0 type=0 insize=49708 outsize=1650 kw=LOD_FADE_PERCENTAGE GEOM_TYPE_FROND ok=1
Cmd: compileSnippet
  api=0 type=1 insize=49708 outsize=6 kw=GEOM_TYPE_BRANCH_BLEND ok=1
Cmd: compileSnippet
  api=8 type=1 insize=49708 outsize=1178 kw=GEOM_TYPE_BRANCH_BLEND ok=1
Cmd: compileSnippet
  api=8 type=1 insize=49708 outsize=1650 kw=GEOM_TYPE_LEAF ok=1
Cmd: compileSnippet
  api=4 type=1 insize=49708 outsize=868 kw=LOD_FADE_PERCENTAGE GEOM_TYPE_BRANCH_BLEND ok=1
Cmd: compileSnippet
  api=1 type=1 insize=49708 outsize=204 kw=LOD_FADE_PERCENTAGE GEOM_TYPE_LEAF ok=1
Cmd: compileSnippet
  api=0 type=0 insize=86883 outsize=2932 kw=LIGHTMAP_OFF DIRLIGHTMAP_OFF DYNAMICLIGHTMAP_OFF GEOM_TYPE_BRANCH HDR_LIGHT_PREPASS_OFF ok=1
Cmd: compileSnippet
  api=0 type=0 insize=86883 outsize=3078 kw=LIGHTMAP_OFF DIRLIGHTMAP_OFF DYNAMICLIGHTMAP_OFF GEOM_TYPE_FROND HDR_LIGHT_PREPASS_OFF ok=1
Cmd: compileSnippet
  api=4 type=0 insize=86883 outsize=4264 kw=LIGHTMAP_OFF DIRLIGHTMAP_OFF DYNAMICLIGHTMAP_OFF UNITY_HDR_ON GEOM_TYPE_LEAF ok=1
Cmd: compileSnippet
  api=1 type=0 insize=86883 outsize=835 kw=LIGHTMAP_OFF DIRLIGHTMAP_OFF DYNAMICLIGHTMAP_OFF LOD_FADE_PERCENTAGE GEOM_TYPE_BRANCH HDR_LIGHT_PREPASS_OFF ok=1
Cmd: compileSnippet
  api=8 type=0 insize=86883 outsize=6460 kw=LIGHTMAP_OFF DIRLIGHTMAP_OFF DYNAMICLIGHTMAP_OFF LOD_FADE_PERCENTAGE GEOM_TYPE_BRANCH HDR_LIGHT_PREPASS_OFF ok=1
Cmd: compileSnippet
  api=0 type=0 insize=86883 outsize=3460 kw=LIGHTMAP_OFF DIRLIGHTMAP_OFF DYNAMICLIGHTMAP_OFF LOD_FADE_PERCENTAGE GEOM_TYPE_BRANCH_BLEND HDR_LIGHT_PREPASS_OFF ok=1
Cmd: compileSnippet
  api=4 type=0 insize=86883 outsize=4492 kw=LIGHTMAP_OFF DIRLIGHTMAP_OFF DYNAMICLIGHTMAP_OFF UNITY_HDR_ON LOD_FADE_PERCENTAGE GEOM_TYPE_FROND ok=1
Cmd: compileSnippet
  api=4 type=0 insize=86883 outsize=4719 kw=LIGHTMAP_OFF DIRLIGHTMAP_OFF DYNAMICLIGHTMAP_OFF LOD_FADE_PERCENTAGE GEOM_TYPE_LEAF HDR_LIGHT_PREPASS_OFF ok=1
Cmd: compileSnippet
  api=1 type=0 insize=86883 outsize=924 kw=LIGHTMAP_OFF DIRLIGHTMAP_OFF DYNAMICLIGHTMAP_OFF UNITY_HDR_ON LOD_FADE_PERCENTAGE GEOM_TYPE_LEAF ok=1
Cmd: compileSnippet
  api=0 type=1 insize=86883 outsize=6 kw=LIGHTMAP_OFF DIRLIGHTMAP_OFF DYNAMICLIGHTMAP_OFF GEOM_TYPE_BRANCH HDR_LIGHT_PREPASS_OFF ok=1
Cmd: compileSnippet
  api=4 type=1 insize=86883 outsize=1331 kw=LIGHTMAP_OFF DIRLIGHTMAP_OFF DYNAMICLIGHTMAP_OFF UNITY_HDR_ON GEOM_TYPE_BRANCH ok=1
Cmd: compileSnippet
  api=1 type=1 insize=86883 outsize=316 kw=LIGHTMAP_OFF DIRLIGHTMAP_OFF DYNAMICLIGHTMAP_OFF UNITY_HDR_ON GEOM_TYPE_BRANCH_BLEND ok=1
Cmd: compileSnippet
  api=0 type=1 insize=86883 outsize=6 kw=LIGHTMAP_OFF DIRLIGHTMAP_OFF DYNAMICLIGHTMAP_OFF UNITY_HDR_ON GEOM_TYPE_FROND ok=1
Cmd: compileSnippet
  api=0 type=1 insize=86883 outsize=6 kw=LIGHTMAP_OFF DIRLIGHTMAP_OFF DYNAMICLIGHTMAP_OFF GEOM_TYPE_LEAF HDR_LIGHT_PREPASS_OFF ok=1
Cmd: compileSnippet
  api=1 type=1 insize=86883 outsize=342 kw=LIGHTMAP_OFF DIRLIGHTMAP_OFF DYNAMICLIGHTMAP_OFF GEOM_TYPE_LEAF HDR_LIGHT_PREPASS_OFF ok=1
Cmd: compileSnippet
  api=0 type=1 insize=86883 outsize=6 kw=LIGHTMAP_OFF DIRLIGHTMAP_OFF DYNAMICLIGHTMAP_OFF LOD_FADE_PERCENTAGE GEOM_TYPE_BRANCH HDR_LIGHT_PREPASS_OFF ok=1
Cmd: compileSnippet
  api=4 type=1 insize=86883 outsize=1380 kw=LIGHTMAP_OFF DIRLIGHTMAP_OFF DYNAMICLIGHTMAP_OFF LOD_FADE_PERCENTAGE GEOM_TYPE_BRANCH HDR_LIGHT_PREPASS_OFF ok=1
Cmd: compileSnippet
  api=1 type=1 insize=86883 outsize=371 kw=LIGHTMAP_OFF DIRLIGHTMAP_OFF DYNAMICLIGHTMAP_OFF LOD_FADE_PERCENTAGE GEOM_TYPE_BRANCH_BLEND HDR_LIGHT_PREPASS_OFF ok=1
Cmd: compileSnippet
  api=0 type=1 insize=86883 outsize=6 kw=LIGHTMAP_OFF DIRLIGHTMAP_OFF DYNAMICLIGHTMAP_OFF LOD_FADE_PERCENTAGE GEOM_TYPE_FROND HDR_LIGHT_PREPASS_OFF ok=1
Cmd: compileSnippet
  api=1 type=1 insize=86883 outsize=342 kw=LIGHTMAP_OFF DIRLIGHTMAP_OFF DYNAMICLIGHTMAP_OFF LOD_FADE_PERCENTAGE GEOM_TYPE_FROND HDR_LIGHT_PREPASS_OFF ok=1
Cmd: compileSnippet
  api=1 type=1 insize=86883 outsize=342 kw=LIGHTMAP_OFF DIRLIGHTMAP_OFF DYNAMICLIGHTMAP_OFF LOD_FADE_PERCENTAGE GEOM_TYPE_LEAF HDR_LIGHT_PREPASS_OFF ok=1
Cmd: compileSnippet
  api=1 type=0 insize=88439 outsize=649 kw=LIGHTMAP_OFF DIRLIGHTMAP_OFF DYNAMICLIGHTMAP_OFF GEOM_TYPE_BRANCH HDR_LIGHT_PREPASS_OFF ok=1
Cmd: compileSnippet
  api=8 type=0 insize=88439 outsize=5655 kw=LIGHTMAP_OFF DIRLIGHTMAP_OFF DYNAMICLIGHTMAP_OFF UNITY_HDR_ON GEOM_TYPE_BRANCH ok=1
Cmd: compileSnippet
  api=8 type=0 insize=88439 outsize=5956 kw=LIGHTMAP_OFF DIRLIGHTMAP_OFF DYNAMICLIGHTMAP_OFF GEOM_TYPE_BRANCH_BLEND HDR_LIGHT_PREPASS_OFF ok=1
Cmd: compileSnippet
  api=4 type=0 insize=88439 outsize=4191 kw=LIGHTMAP_OFF DIRLIGHTMAP_OFF DYNAMICLIGHTMAP_OFF UNITY_HDR_ON GEOM_TYPE_BRANCH_BLEND ok=1
Cmd: compileSnippet
  api=0 type=0 insize=88439 outsize=2982 kw=LIGHTMAP_OFF DIRLIGHTMAP_OFF DYNAMICLIGHTMAP_OFF GEOM_TYPE_FROND HDR_LIGHT_PREPASS_OFF ok=1
Cmd: compileSnippet
  api=4 type=0 insize=88439 outsize=3988 kw=LIGHTMAP_OFF DIRLIGHTMAP_OFF DYNAMICLIGHTMAP_OFF UNITY_HDR_ON GEOM_TYPE_LEAF ok=1
Cmd: compileSnippet
  api=1 type=0 insize=88439 outsize=723 kw=LIGHTMAP_OFF DIRLIGHTMAP_OFF DYNAMICLIGHTMAP_OFF LOD_FADE_PERCENTAGE GEOM_TYPE_BRANCH HDR_LIGHT_PREPASS_OFF ok=1
Cmd: compileSnippet
  api=0 type=0 insize=88439 outsize=2851 kw=LIGHTMAP_OFF DIRLIGHTMAP_OFF DYNAMICLIGHTMAP_OFF UNITY_HDR_ON LOD_FADE_PERCENTAGE GEOM_TYPE_BRANCH ok=1
Cmd: compileSnippet
  api=0 type=0 insize=88439 outsize=3032 kw=LIGHTMAP_OFF DIRLIGHTMAP_OFF DYNAMICLIGHTMAP_OFF UNITY_HDR_ON LOD_FADE_PERCENTAGE GEOM_TYPE_FROND ok=1
Cmd: compileSnippet
  api=1 type=1 insize=88439 outsize=318 kw=LIGHTMAP_OFF DIRLIGHTMAP_OFF DYNAMICLIGHTMAP_OFF UNITY_HDR_ON GEOM_TYPE_BRANCH ok=1
Cmd: compileSnippet
  api=1 type=1 insize=88439 outsize=459 kw=LIGHTMAP_OFF DIRLIGHTMAP_OFF DYNAMICLIGHTMAP_OFF GEOM_TYPE_BRANCH_BLEND HDR_LIGHT_PREPASS_OFF ok=1
Cmd: compileSnippet
  api=0 type=1 insize=88439 outsize=6 kw=LIGHTMAP_OFF DIRLIGHTMAP_OFF DYNAMICLIGHTMAP_OFF GEOM_TYPE_FROND HDR_LIGHT_PREPASS_OFF ok=1
Cmd: compileSnippet
  api=1 type=1 insize=88439 outsize=430 kw=LIGHTMAP_OFF DIRLIGHTMAP_OFF DYNAMICLIGHTMAP_OFF GEOM_TYPE_FROND HDR_LIGHT_PREPASS_OFF ok=1
Cmd: compileSnippet
  api=8 type=1 insize=88439 outsize=2568 kw=LIGHTMAP_OFF DIRLIGHTMAP_OFF DYNAMICLIGHTMAP_OFF UNITY_HDR_ON GEOM_TYPE_FROND ok=1
Cmd: compileSnippet
  api=0 type=1 insize=88439 outsize=6 kw=LIGHTMAP_OFF DIRLIGHTMAP_OFF DYNAMICLIGHTMAP_OFF LOD_FADE_PERCENTAGE GEOM_TYPE_BRANCH HDR_LIGHT_PREPASS_OFF ok=1
Cmd: compileSnippet
  api=4 type=1 insize=88439 outsize=1664 kw=LIGHTMAP_OFF DIRLIGHTMAP_OFF DYNAMICLIGHTMAP_OFF LOD_FADE_PERCENTAGE GEOM_TYPE_BRANCH HDR_LIGHT_PREPASS_OFF ok=1
Cmd: compileSnippet
  api=4 type=1 insize=88439 outsize=1989 kw=LIGHTMAP_OFF DIRLIGHTMAP_OFF DYNAMICLIGHTMAP_OFF LOD_FADE_PERCENTAGE GEOM_TYPE_BRANCH_BLEND HDR_LIGHT_PREPASS_OFF ok=1
Cmd: compileSnippet
  api=4 type=1 insize=88439 outsize=1875 kw=LIGHTMAP_OFF DIRLIGHTMAP_OFF DYNAMICLIGHTMAP_OFF LOD_FADE_PERCENTAGE GEOM_TYPE_FROND HDR_LIGHT_PREPASS_OFF ok=1
Cmd: compileSnippet
  api=1 type=1 insize=88439 outsize=430 kw=LIGHTMAP_OFF DIRLIGHTMAP_OFF DYNAMICLIGHTMAP_OFF LOD_FADE_PERCENTAGE GEOM_TYPE_LEAF HDR_LIGHT_PREPASS_OFF ok=1
Cmd: compileSnippet
  api=0 type=0 insize=1123 outsize=1960 kw=SHADOWS_DEPTH GEOM_TYPE_BRANCH ok=1
Cmd: compileSnippet
  api=1 type=0 insize=1123 outsize=863 kw=SHADOWS_DEPTH GEOM_TYPE_FROND ok=1
Cmd: compileSnippet
  api=0 type=0 insize=1123 outsize=766 kw=SHADOWS_CUBE GEOM_TYPE_FROND ok=1
Cmd: compileSnippet
  api=0 type=0 insize=1123 outsize=2036 kw=SHADOWS_DEPTH LOD_FADE_PERCENTAGE GEOM_TYPE_BRANCH ok=1
Cmd: compileSnippet
  api=1 type=0 insize=1123 outsize=245 kw=SHADOWS_CUBE LOD_FADE_PERCENTAGE GEOM_TYPE_BRANCH_BLEND ok=1
Cmd: compileSnippet
  api=0 type=0 insize=1123 outsize=2372 kw=SHADOWS_DEPTH LOD_FADE_PERCENTAGE GEOM_TYPE_FROND ok=1
Cmd: compileSnippet
  api=8 type=0 insize=1123 outsize=3145 kw=SHADOWS_CUBE LOD_FADE_PERCENTAGE GEOM_TYPE_LEAF ok=1
Cmd: compileSnippet
  api=0 type=1 insize=1123 outsize=6 kw=SHADOWS_CUBE GEOM_TYPE_BRANCH ok=1
Cmd: compileSnippet
  api=4 type=1 insize=1123 outsize=681 kw=SHADOWS_CUBE GEOM_TYPE_BRANCH ok=1
Cmd: compileSnippet
  api=1 type=1 insize=1123 outsize=97 kw=SHADOWS_CUBE GEOM_TYPE_BRANCH_BLEND ok=1
Cmd: compileSnippet
  api=8 type=1 insize=1123 outsize=1308 kw=SHADOWS_DEPTH GEOM_TYPE_FROND ok=1
Cmd: compileSnippet
  api=8 type=1 insize=1123 outsize=1308 kw=SHADOWS_DEPTH GEOM_TYPE_LEAF ok=1
Cmd: compileSnippet
  api=8 type=1 insize=1123 outsize=658 kw=SHADOWS_DEPTH LOD_FADE_PERCENTAGE GEOM_TYPE_BRANCH ok=1
Cmd: compileSnippet
  api=0 type=1 insize=1123 outsize=6 kw=SHADOWS_CUBE LOD_FADE_PERCENTAGE GEOM_TYPE_BRANCH_BLEND ok=1
Cmd: compileSnippet
  api=4 type=1 insize=1123 outsize=681 kw=SHADOWS_CUBE LOD_FADE_PERCENTAGE GEOM_TYPE_BRANCH_BLEND ok=1
Cmd: compileSnippet
  api=1 type=1 insize=1123 outsize=189 kw=SHADOWS_CUBE LOD_FADE_PERCENTAGE GEOM_TYPE_FROND ok=1
Cmd: compileSnippet
  api=4 type=1 insize=1123 outsize=892 kw=SHADOWS_DEPTH LOD_FADE_PERCENTAGE GEOM_TYPE_LEAF ok=1
Cmd: compileSnippet
  api=8 type=0 insize=1156 outsize=5265 kw=GEOM_TYPE_BRANCH ok=1
Cmd: compileSnippet
  api=4 type=0 insize=1156 outsize=3484 kw=GEOM_TYPE_FROND ok=1
Cmd: compileSnippet
  api=1 type=0 insize=1156 outsize=827 kw=GEOM_TYPE_LEAF ok=1
Cmd: compileSnippet
  api=4 type=0 insize=1156 outsize=3484 kw=GEOM_TYPE_LEAF ok=1
Cmd: compileSnippet
  api=4 type=0 insize=1156 outsize=3655 kw=LOD_FADE_PERCENTAGE GEOM_TYPE_BRANCH ok=1
Cmd: compileSnippet
  api=4 type=0 insize=1156 outsize=3833 kw=LOD_FADE_PERCENTAGE GEOM_TYPE_BRANCH_BLEND ok=1
Cmd: compileSnippet
  api=4 type=0 insize=1156 outsize=3655 kw=LOD_FADE_PERCENTAGE GEOM_TYPE_FROND ok=1
Cmd: compileSnippet
  api=1 type=0 insize=1156 outsize=990 kw=LOD_FADE_PERCENTAGE GEOM_TYPE_LEAF ok=1
Cmd: compileSnippet
  api=8 type=0 insize=1156 outsize=5915 kw=LOD_FADE_PERCENTAGE GEOM_TYPE_LEAF ok=1
Cmd: compileSnippet
  api=1 type=1 insize=1156 outsize=210 kw=GEOM_TYPE_BRANCH_BLEND ok=1
Cmd: compileSnippet
  api=4 type=1 insize=1156 outsize=1063 kw=GEOM_TYPE_FROND ok=1
Cmd: compileSnippet
  api=1 type=1 insize=1156 outsize=126 kw=LOD_FADE_PERCENTAGE GEOM_TYPE_BRANCH ok=1
Cmd: compileSnippet
  api=4 type=1 insize=1156 outsize=1168 kw=LOD_FADE_PERCENTAGE GEOM_TYPE_BRANCH_BLEND ok=1
Cmd: compileSnippet
  api=1 type=1 insize=1156 outsize=181 kw=LOD_FADE_PERCENTAGE GEOM_TYPE_LEAF ok=1
Cmd: compileSnippet
  api=4 type=0 insize=116005 outsize=7961 kw=DIRECTIONAL SHADOWS_SCREEN LIGHTMAP_OFF DIRLIGHTMAP_OFF DYNAMICLIGHTMAP_OFF ok=1
Cmd: compileSnippet
  api=0 type=0 insize=116005 outsize=7031 kw=DIRECTIONAL SHADOWS_SCREEN LIGHTMAP_OFF DIRLIGHTMAP_OFF DYNAMICLIGHTMAP_OFF VERTEXLIGHT_ON ok=1
Cmd: compileSnippet
  api=1 type=0 insize=116005 outsize=2890 kw=DIRECTIONAL SHADOWS_OFF LIGHTMAP_OFF DIRLIGHTMAP_OFF DYNAMICLIGHTMAP_OFF VERTEXLIGHT_ON EFFECT_HUE_VARIATION ok=1
Cmd: compileSnippet
  api=1 type=0 insize=116005 outsize=3039 kw=DIRECTIONAL SHADOWS_SCREEN LIGHTMAP_OFF DIRLIGHTMAP_OFF DYNAMICLIGHTMAP_OFF VERTEXLIGHT_ON EFFECT_HUE_VARIATION ok=1
Cmd: compileSnippet
  api=1 type=0 insize=116005 outsize=2636 kw=DIRECTIONAL SHADOWS_OFF LIGHTMAP_OFF DIRLIGHTMAP_OFF DYNAMICLIGHTMAP_OFF EFFECT_BUMP ok=1
Cmd: compileSnippet
  api=1 type=0 insize=116005 outsize=2785 kw=DIRECTIONAL SHADOWS_SCREEN LIGHTMAP_OFF DIRLIGHTMAP_OFF DYNAMICLIGHTMAP_OFF EFFECT_BUMP ok=1
Cmd: compileSnippet
  api=1 type=0 insize=116005 outsize=3176 kw=DIRECTIONAL SHADOWS_OFF LIGHTMAP_OFF DIRLIGHTMAP_OFF DYNAMICLIGHTMAP_OFF VERTEXLIGHT_ON EFFECT_BUMP ok=1
Cmd: compileSnippet
  api=1 type=0 insize=116005 outsize=3325 kw=DIRECTIONAL SHADOWS_SCREEN LIGHTMAP_OFF DIRLIGHTMAP_OFF DYNAMICLIGHTMAP_OFF VERTEXLIGHT_ON EFFECT_BUMP ok=1
Cmd: compileSnippet
  api=1 type=0 insize=116005 outsize=2720 kw=DIRECTIONAL SHADOWS_OFF LIGHTMAP_OFF DIRLIGHTMAP_OFF DYNAMICLIGHTMAP_OFF EFFECT_BUMP EFFECT_HUE_VARIATION ok=1
Cmd: compileSnippet
  api=4 type=0 insize=116005 outsize=9228 kw=DIRECTIONAL SHADOWS_SCREEN LIGHTMAP_OFF DIRLIGHTMAP_OFF DYNAMICLIGHTMAP_OFF EFFECT_BUMP EFFECT_HUE_VARIATION ok=1
Cmd: compileSnippet
  api=0 type=0 insize=116005 outsize=8735 kw=DIRECTIONAL SHADOWS_SCREEN LIGHTMAP_OFF DIRLIGHTMAP_OFF DYNAMICLIGHTMAP_OFF VERTEXLIGHT_ON EFFECT_BUMP EFFECT_HUE_VARIATION ok=1
Cmd: compileSnippet
  api=0 type=0 insize=116005 outsize=8370 kw=DIRECTIONAL SHADOWS_SCREEN LIGHTMAP_OFF DIRLIGHTMAP_OFF DYNAMICLIGHTMAP_OFF VERTEXLIGHT_ON BILLBOARD_FACE_CAMERA_POS ok=1
Cmd: compileSnippet
  api=0 type=0 insize=116005 outsize=8872 kw=DIRECTIONAL SHADOWS_SCREEN LIGHTMAP_OFF DIRLIGHTMAP_OFF DYNAMICLIGHTMAP_OFF VERTEXLIGHT_ON EFFECT_HUE_VARIATION BILLBOARD_FACE_CAMERA_POS ok=1
Cmd: compileSnippet
  api=1 type=0 insize=116005 outsize=4027 kw=DIRECTIONAL SHADOWS_OFF LIGHTMAP_OFF DIRLIGHTMAP_OFF DYNAMICLIGHTMAP_OFF VERTEXLIGHT_ON EFFECT_BUMP BILLBOARD_FACE_CAMERA_POS ok=1
Cmd: compileSnippet
  api=4 type=0 insize=116005 outsize=12251 kw=DIRECTIONAL SHADOWS_SCREEN LIGHTMAP_OFF DIRLIGHTMAP_OFF DYNAMICLIGHTMAP_OFF VERTEXLIGHT_ON EFFECT_BUMP BILLBOARD_FACE_CAMERA_POS ok=1
Cmd: compileSnippet
  api=0 type=0 insize=116005 outsize=9150 kw=DIRECTIONAL SHADOWS_SCREEN LIGHTMAP_OFF DIRLIGHTMAP_OFF DYNAMICLIGHTMAP_OFF EFFECT_BUMP EFFECT_HUE_VARIATION BILLBOARD_FACE_CAMERA_POS ok=1
Cmd: compileSnippet
  api=1 type=0 insize=116005 outsize=2504 kw=DIRECTIONAL SHADOWS_OFF LIGHTMAP_OFF DIRLIGHTMAP_OFF DYNAMICLIGHTMAP_OFF LOD_FADE_CROSSFADE ok=1
Cmd: compileSnippet
  api=4 type=0 insize=116005 outsize=8708 kw=DIRECTIONAL SHADOWS_SCREEN LIGHTMAP_OFF DIRLIGHTMAP_OFF DYNAMICLIGHTMAP_OFF LOD_FADE_CROSSFADE ok=1
Cmd: compileSnippet
  api=4 type=0 insize=116005 outsize=9813 kw=DIRECTIONAL SHADOWS_OFF LIGHTMAP_OFF DIRLIGHTMAP_OFF DYNAMICLIGHTMAP_OFF VERTEXLIGHT_ON LOD_FADE_CROSSFADE ok=1
Cmd: compileSnippet
  api=0 type=0 insize=116005 outsize=7015 kw=DIRECTIONAL SHADOWS_OFF LIGHTMAP_OFF DIRLIGHTMAP_OFF DYNAMICLIGHTMAP_OFF LOD_FADE_CROSSFADE EFFECT_HUE_VARIATION ok=1
Cmd: compileSnippet
  api=4 type=0 insize=116005 outsize=10342 kw=DIRECTIONAL SHADOWS_SCREEN LIGHTMAP_OFF DIRLIGHTMAP_OFF DYNAMICLIGHTMAP_OFF VERTEXLIGHT_ON LOD_FADE_CROSSFADE EFFECT_HUE_VARIATION ok=1
Cmd: compileSnippet
  api=0 type=0 insize=116005 outsize=8204 kw=DIRECTIONAL SHADOWS_SCREEN LIGHTMAP_OFF DIRLIGHTMAP_OFF DYNAMICLIGHTMAP_OFF LOD_FADE_CROSSFADE EFFECT_BUMP ok=1
Cmd: compileSnippet
  api=1 type=0 insize=116005 outsize=2928 kw=DIRECTIONAL SHADOWS_OFF LIGHTMAP_OFF DIRLIGHTMAP_OFF DYNAMICLIGHTMAP_OFF LOD_FADE_CROSSFADE EFFECT_BUMP EFFECT_HUE_VARIATION ok=1
Cmd: compileSnippet
  api=1 type=0 insize=116005 outsize=2969 kw=DIRECTIONAL SHADOWS_SCREEN LIGHTMAP_OFF DIRLIGHTMAP_OFF DYNAMICLIGHTMAP_OFF LOD_FADE_CROSSFADE EFFECT_BUMP EFFECT_HUE_VARIATION ok=1
Cmd: compileSnippet
  api=4 type=0 insize=116005 outsize=11040 kw=DIRECTIONAL SHADOWS_OFF LIGHTMAP_OFF DIRLIGHTMAP_OFF DYNAMICLIGHTMAP_OFF VERTEXLIGHT_ON LOD_FADE_CROSSFADE EFFECT_BUMP EFFECT_HUE_VARIATION ok=1
Cmd: compileSnippet
  api=0 type=0 insize=116005 outsize=7847 kw=DIRECTIONAL SHADOWS_OFF LIGHTMAP_OFF DIRLIGHTMAP_OFF DYNAMICLIGHTMAP_OFF LOD_FADE_CROSSFADE BILLBOARD_FACE_CAMERA_POS ok=1
Cmd: compileSnippet
  api=1 type=0 insize=116005 outsize=3880 kw=DIRECTIONAL SHADOWS_SCREEN LIGHTMAP_OFF DIRLIGHTMAP_OFF DYNAMICLIGHTMAP_OFF VERTEXLIGHT_ON LOD_FADE_CROSSFADE BILLBOARD_FACE_CAMERA_POS ok=1
Cmd: compileSnippet
  api=4 type=0 insize=116005 outsize=10431 kw=DIRECTIONAL SHADOWS_OFF LIGHTMAP_OFF DIRLIGHTMAP_OFF DYNAMICLIGHTMAP_OFF LOD_FADE_CROSSFADE EFFECT_HUE_VARIATION BILLBOARD_FACE_CAMERA_POS ok=1
Cmd: compileSnippet
  api=0 type=0 insize=116005 outsize=9309 kw=DIRECTIONAL SHADOWS_OFF LIGHTMAP_OFF DIRLIGHTMAP_OFF DYNAMICLIGHTMAP_OFF VERTEXLIGHT_ON LOD_FADE_CROSSFADE EFFECT_HUE_VARIATION BILLBOARD_FACE_CAMERA_POS ok=1
Cmd: compileSnippet
  api=4 type=0 insize=116005 outsize=11585 kw=DIRECTIONAL SHADOWS_SCREEN LIGHTMAP_OFF DIRLIGHTMAP_OFF DYNAMICLIGHTMAP_OFF LOD_FADE_CROSSFADE EFFECT_BUMP BILLBOARD_FACE_CAMERA_POS ok=1
Cmd: compileSnippet
  api=4 type=0 insize=116005 outsize=12649 kw=DIRECTIONAL SHADOWS_OFF LIGHTMAP_OFF DIRLIGHTMAP_OFF DYNAMICLIGHTMAP_OFF VERTEXLIGHT_ON LOD_FADE_CROSSFADE EFFECT_BUMP BILLBOARD_FACE_CAMERA_POS ok=1
Cmd: compileSnippet
  api=0 type=0 insize=116005 outsize=9590 kw=DIRECTIONAL SHADOWS_OFF LIGHTMAP_OFF DIRLIGHTMAP_OFF DYNAMICLIGHTMAP_OFF LOD_FADE_CROSSFADE EFFECT_BUMP EFFECT_HUE_VARIATION BILLBOARD_FACE_CAMERA_POS ok=1
Cmd: compileSnippet
  api=0 type=1 insize=116005 outsize=6 kw=DIRECTIONAL SHADOWS_OFF LIGHTMAP_OFF DIRLIGHTMAP_OFF DYNAMICLIGHTMAP_OFF ok=1
Cmd: compileSnippet
  api=1 type=1 insize=116005 outsize=713 kw=DIRECTIONAL SHADOWS_OFF LIGHTMAP_OFF DIRLIGHTMAP_OFF DYNAMICLIGHTMAP_OFF EFFECT_HUE_VARIATION ok=1
Cmd: compileSnippet
  api=0 type=1 insize=116005 outsize=6 kw=DIRECTIONAL SHADOWS_SCREEN LIGHTMAP_OFF DIRLIGHTMAP_OFF DYNAMICLIGHTMAP_OFF EFFECT_BUMP ok=1
Cmd: compileSnippet
  api=1 type=1 insize=116005 outsize=794 kw=DIRECTIONAL SHADOWS_SCREEN LIGHTMAP_OFF DIRLIGHTMAP_OFF DYNAMICLIGHTMAP_OFF EFFECT_BUMP ok=1
Cmd: compileSnippet
  api=1 type=1 insize=116005 outsize=483 kw=DIRECTIONAL SHADOWS_OFF LIGHTMAP_OFF DIRLIGHTMAP_OFF DYNAMICLIGHTMAP_OFF BILLBOARD_FACE_CAMERA_POS ok=1
Cmd: compileSnippet
  api=4 type=1 insize=116005 outsize=2436 kw=DIRECTIONAL SHADOWS_OFF LIGHTMAP_OFF DIRLIGHTMAP_OFF DYNAMICLIGHTMAP_OFF EFFECT_HUE_VARIATION BILLBOARD_FACE_CAMERA_POS ok=1
Cmd: compileSnippet
  api=1 type=1 insize=116005 outsize=794 kw=DIRECTIONAL SHADOWS_SCREEN LIGHTMAP_OFF DIRLIGHTMAP_OFF DYNAMICLIGHTMAP_OFF EFFECT_BUMP BILLBOARD_FACE_CAMERA_POS ok=1
Cmd: compileSnippet
  api=4 type=1 insize=116005 outsize=2428 kw=DIRECTIONAL SHADOWS_OFF LIGHTMAP_OFF DIRLIGHTMAP_OFF DYNAMICLIGHTMAP_OFF LOD_FADE_CROSSFADE ok=1
Cmd: compileSnippet
  api=1 type=1 insize=116005 outsize=997 kw=DIRECTIONAL SHADOWS_SCREEN LIGHTMAP_OFF DIRLIGHTMAP_OFF DYNAMICLIGHTMAP_OFF LOD_FADE_CROSSFADE EFFECT_HUE_VARIATION ok=1
Cmd: compileSnippet
  api=0 type=1 insize=116005 outsize=6 kw=DIRECTIONAL SHADOWS_OFF LIGHTMAP_OFF DIRLIGHTMAP_OFF DYNAMICLIGHTMAP_OFF LOD_FADE_CROSSFADE EFFECT_BUMP EFFECT_HUE_VARIATION ok=1
Cmd: compileSnippet
  api=1 type=1 insize=116005 outsize=1238 kw=DIRECTIONAL SHADOWS_SCREEN LIGHTMAP_OFF DIRLIGHTMAP_OFF DYNAMICLIGHTMAP_OFF LOD_FADE_CROSSFADE EFFECT_BUMP EFFECT_HUE_VARIATION ok=1
Cmd: compileSnippet
  api=1 type=1 insize=116005 outsize=750 kw=DIRECTIONAL SHADOWS_SCREEN LIGHTMAP_OFF DIRLIGHTMAP_OFF DYNAMICLIGHTMAP_OFF LOD_FADE_CROSSFADE BILLBOARD_FACE_CAMERA_POS ok=1
Cmd: compileSnippet
  api=0 type=1 insize=116005 outsize=6 kw=DIRECTIONAL SHADOWS_OFF LIGHTMAP_OFF DIRLIGHTMAP_OFF DYNAMICLIGHTMAP_OFF LOD_FADE_CROSSFADE EFFECT_BUMP BILLBOARD_FACE_CAMERA_POS ok=1
Cmd: compileSnippet
  api=4 type=1 insize=116005 outsize=3127 kw=DIRECTIONAL SHADOWS_OFF LIGHTMAP_OFF DIRLIGHTMAP_OFF DYNAMICLIGHTMAP_OFF LOD_FADE_CROSSFADE EFFECT_BUMP BILLBOARD_FACE_CAMERA_POS ok=1
Cmd: compileSnippet
  api=4 type=1 insize=116005 outsize=4004 kw=DIRECTIONAL SHADOWS_SCREEN LIGHTMAP_OFF DIRLIGHTMAP_OFF DYNAMICLIGHTMAP_OFF LOD_FADE_CROSSFADE EFFECT_BUMP EFFECT_HUE_VARIATION BILLBOARD_FACE_CAMERA_POS ok=1
Cmd: compileSnippet
  api=1 type=0 insize=73109 outsize=2144 kw=DIRECTIONAL ok=1
Cmd: compileSnippet
  api=1 type=0 insize=73109 outsize=2144 kw=SPOT ok=1
Cmd: compileSnippet
  api=1 type=0 insize=73109 outsize=2144 kw=POINT_COOKIE ok=1
Cmd: compileSnippet
  api=0 type=0 insize=73109 outsize=4902 kw=DIRECTIONAL_COOKIE ok=1
Cmd: compileSnippet
  api=0 type=0 insize=73109 outsize=5583 kw=POINT_COOKIE EFFECT_HUE_VARIATION ok=1
Cmd: compileSnippet
  api=4 type=0 insize=73109 outsize=7977 kw=DIRECTIONAL EFFECT_BUMP ok=1
Cmd: compileSnippet
  api=4 type=0 insize=73109 outsize=7977 kw=SPOT EFFECT_BUMP ok=1
Cmd: compileSnippet
  api=4 type=0 insize=73109 outsize=7977 kw=POINT_COOKIE EFFECT_BUMP ok=1
Cmd: compileSnippet
  api=0 type=0 insize=73109 outsize=6705 kw=POINT EFFECT_BUMP EFFECT_HUE_VARIATION ok=1
Cmd: compileSnippet
  api=0 type=0 insize=73109 outsize=6601 kw=DIRECTIONAL_COOKIE EFFECT_BUMP EFFECT_HUE_VARIATION ok=1
Cmd: compileSnippet
  api=4 type=0 insize=73109 outsize=8822 kw=SPOT BILLBOARD_FACE_CAMERA_POS ok=1
Cmd: compileSnippet
  api=0 type=0 insize=73109 outsize=6241 kw=DIRECTIONAL_COOKIE BILLBOARD_FACE_CAMERA_POS ok=1
Cmd: compileSnippet
  api=4 type=0 insize=73109 outsize=9001 kw=SPOT EFFECT_HUE_VARIATION BILLBOARD_FACE_CAMERA_POS ok=1
Cmd: compileSnippet
  api=0 type=0 insize=73109 outsize=6734 kw=DIRECTIONAL_COOKIE EFFECT_HUE_VARIATION BILLBOARD_FACE_CAMERA_POS ok=1
Cmd: compileSnippet
  api=4 type=0 insize=73109 outsize=9797 kw=SPOT EFFECT_BUMP BILLBOARD_FACE_CAMERA_POS ok=1
Cmd: compileSnippet
  api=4 type=0 insize=73109 outsize=9797 kw=POINT_COOKIE EFFECT_BUMP BILLBOARD_FACE_CAMERA_POS ok=1
Cmd: compileSnippet
  api=1 type=0 insize=73109 outsize=3370 kw=DIRECTIONAL_COOKIE EFFECT_BUMP BILLBOARD_FACE_CAMERA_POS ok=1
Cmd: compileSnippet
  api=1 type=0 insize=73109 outsize=3427 kw=POINT EFFECT_BUMP EFFECT_HUE_VARIATION BILLBOARD_FACE_CAMERA_POS ok=1
Cmd: compileSnippet
  api=1 type=0 insize=73109 outsize=3427 kw=DIRECTIONAL EFFECT_BUMP EFFECT_HUE_VARIATION BILLBOARD_FACE_CAMERA_POS ok=1
Cmd: compileSnippet
  api=0 type=0 insize=73109 outsize=8120 kw=POINT_COOKIE EFFECT_BUMP EFFECT_HUE_VARIATION BILLBOARD_FACE_CAMERA_POS ok=1
Cmd: compileSnippet
  api=4 type=0 insize=73109 outsize=7742 kw=DIRECTIONAL LOD_FADE_CROSSFADE ok=1
Cmd: compileSnippet
  api=4 type=0 insize=73109 outsize=7742 kw=SPOT LOD_FADE_CROSSFADE ok=1
Cmd: compileSnippet
  api=4 type=0 insize=73109 outsize=7742 kw=POINT_COOKIE LOD_FADE_CROSSFADE ok=1
Cmd: compileSnippet
  api=0 type=0 insize=73109 outsize=6414 kw=POINT LOD_FADE_CROSSFADE EFFECT_HUE_VARIATION ok=1
Cmd: compileSnippet
  api=0 type=0 insize=73109 outsize=6310 kw=DIRECTIONAL_COOKIE LOD_FADE_CROSSFADE EFFECT_HUE_VARIATION ok=1
Cmd: compileSnippet
  api=1 type=0 insize=73109 outsize=2718 kw=SPOT LOD_FADE_CROSSFADE EFFECT_BUMP ok=1
Cmd: compileSnippet
  api=1 type=0 insize=73109 outsize=2718 kw=POINT_COOKIE LOD_FADE_CROSSFADE EFFECT_BUMP ok=1
Cmd: compileSnippet
  api=4 type=0 insize=73109 outsize=8822 kw=DIRECTIONAL_COOKIE LOD_FADE_CROSSFADE EFFECT_BUMP ok=1
Cmd: compileSnippet
  api=0 type=0 insize=73109 outsize=7286 kw=DIRECTIONAL LOD_FADE_CROSSFADE EFFECT_BUMP EFFECT_HUE_VARIATION ok=1
Cmd: compileSnippet
  api=4 type=0 insize=73109 outsize=9001 kw=DIRECTIONAL_COOKIE LOD_FADE_CROSSFADE EFFECT_BUMP EFFECT_HUE_VARIATION ok=1
Cmd: compileSnippet
Unhandled exception: WriteFile to pipe failed. GLE=Denna pipe hller p att stngas.


Quitting shader compiler process

Crashed!
